Start testing: Feb 12 12:56 MST
----------------------------------------------------------
1/30 Testing: eccodes_t_definitions
1/30 Test: eccodes_t_definitions
Command: "/opt/local/bufr/eccodes-2.16.0-Source/tests/definitions.sh"
Directory: /opt/local/bufr/build/tests
"eccodes_t_definitions" start time: Feb 12 12:56 MST
Output:
----------------------------------------------------------
+++ proj_dir=/opt/local/bufr/eccodes-2.16.0-Source
+++ build_dir=/opt/local/bufr/build
+++ data_dir=/opt/local/bufr/build/data
+++ def_dir=/opt/local/bufr/build/share/eccodes/definitions
+++ ECCODES_DEFINITION_PATH=/opt/local/bufr/build/share/eccodes/definitions
+++ export ECCODES_DEFINITION_PATH
+++ tools_dir=/opt/local/bufr/build/bin
+++ tigge_dir=/opt/local/bufr/build/bin
+++ EXEC=
+++ test x '!=' x
+++ test_dir=/opt/local/bufr/build/tests
+++ samp_dir=/opt/local/bufr/build/share/eccodes/samples
+++ ECCODES_SAMPLES_PATH=/opt/local/bufr/build/share/eccodes/samples
+++ export ECCODES_SAMPLES_PATH
+++ HAVE_JPEG=1
+++ HAVE_LIBJASPER=1
+++ HAVE_LIBOPENJPEG=0
+++ HAVE_PNG=0
+++ HAVE_AEC=0
+++ HAVE_EXTRA_TESTS=0
+++ HAVE_MEMFS=0
+++ ECCODES_ON_WINDOWS=0
++++ pwd
Current directory: /net/opt_lnx/local_el7_64/bufr/build/tests
+++ echo 'Current directory: /net/opt_lnx/local_el7_64/bufr/build/tests'
+ REDIRECT=/dev/null
+ '[' -z /opt/local/bufr/build/share/eccodes/definitions ']'
++ /opt/local/bufr/build/bin/codes_info -d
+ ECCODES_DEFINITION_PATH=/opt/local/bufr/build/share/eccodes/definitions
++ find /opt/local/bufr/build/share/eccodes/definitions/ -name '*.def' -print
++ grep -v grib3/
+ for file in '`find ${ECCODES_DEFINITION_PATH}/ -name '\''*.def'\'' -print | grep -v grib3/`'
+ /opt/local/bufr/build/bin/codes_parser /opt/local/bufr/build/share/eccodes/definitions/param_limits.def
+ for file in '`find ${ECCODES_DEFINITION_PATH}/ -name '\''*.def'\'' -print | grep -v grib3/`'
+ /opt/local/bufr/build/bin/codes_parser /opt/local/bufr/build/share/eccodes/definitions/budg/section.4.def
+ for file in '`find ${ECCODES_DEFINITION_PATH}/ -name '\''*.def'\'' -print | grep -v grib3/`'
+ /opt/local/bufr/build/bin/codes_parser /opt/local/bufr/build/share/eccodes/definitions/budg/section.1.def
+ for file in '`find ${ECCODES_DEFINITION_PATH}/ -name '\''*.def'\'' -print | grep -v grib3/`'
+ /opt/local/bufr/build/bin/codes_parser /opt/local/bufr/build/share/eccodes/definitions/budg/mars_labeling.def
+ for file in '`find ${ECCODES_DEFINITION_PATH}/ -name '\''*.def'\'' -print | grep -v grib3/`'
+ /opt/local/bufr/build/bin/codes_parser /opt/local/bufr/build/share/eccodes/definitions/budg/boot.def
+ for file in '`find ${ECCODES_DEFINITION_PATH}/ -name '\''*.def'\'' -print | grep -v grib3/`'
+ /opt/local/bufr/build/bin/codes_parser /opt/local/bufr/build/share/eccodes/definitions/mars/grib.waef.cv.def
+ for file in '`find ${ECCODES_DEFINITION_PATH}/ -name '\''*.def'\'' -print | grep -v grib3/`'
+ /opt/local/bufr/build/bin/codes_parser /opt/local/bufr/build/share/eccodes/definitions/mars/grib.edmm.ssd.def
+ for file in '`find ${ECCODES_DEFINITION_PATH}/ -name '\''*.def'\'' -print | grep -v grib3/`'
+ /opt/local/bufr/build/bin/codes_parser /opt/local/bufr/build/share/eccodes/definitions/mars/grib.lwda.ef.def
+ for file in '`find ${ECCODES_DEFINITION_PATH}/ -name '\''*.def'\'' -print | grep -v grib3/`'
+ /opt/local/bufr/build/bin/codes_parser /opt/local/bufr/build/share/eccodes/definitions/mars/grib.enfh.icp.def
+ for file in '`find ${ECCODES_DEFINITION_PATH}/ -name '\''*.def'\'' -print | grep -v grib3/`'
+ /opt/local/bufr/build/bin/codes_parser /opt/local/bufr/build/share/eccodes/definitions/mars/grib.efcl.fc.def
+ for file in '`find ${ECCODES_DEFINITION_PATH}/ -name '\''*.def'\'' -print | grep -v grib3/`'
+ /opt/local/bufr/build/bin/codes_parser /opt/local/bufr/build/share/eccodes/definitions/mars/grib.seap.svar.def
+ for file in '`find ${ECCODES_DEFINITION_PATH}/ -name '\''*.def'\'' -print | grep -v grib3/`'
+ /opt/local/bufr/build/bin/codes_parser /opt/local/bufr/build/share/eccodes/definitions/mars/grib.mofc.fc.def
+ for file in '`find ${ECCODES_DEFINITION_PATH}/ -name '\''*.def'\'' -print | grep -v grib3/`'
+ /opt/local/bufr/build/bin/codes_parser /opt/local/bufr/build/share/eccodes/definitions/mars/grib.mnfh.ed.def
+ for file in '`find ${ECCODES_DEFINITION_PATH}/ -name '\''*.def'\'' -print | grep -v grib3/`'
+ /opt/local/bufr/build/bin/codes_parser /opt/local/bufr/build/share/eccodes/definitions/mars/grib.efho.pf.def
+ for file in '`find ${ECCODES_DEFINITION_PATH}/ -name '\''*.def'\'' -print | grep -v grib3/`'
+ /opt/local/bufr/build/bin/codes_parser /opt/local/bufr/build/share/eccodes/definitions/mars/grib.enda.4v.def
+ for file in '`find ${ECCODES_DEFINITION_PATH}/ -name '\''*.def'\'' -print | grep -v grib3/`'
+ /opt/local/bufr/build/bin/codes_parser /opt/local/bufr/build/share/eccodes/definitions/mars/grib.mmam.fcmean.def
+ for file in '`find ${ECCODES_DEFINITION_PATH}/ -name '\''*.def'\'' -print | grep -v grib3/`'
+ /opt/local/bufr/build/bin/codes_parser /opt/local/bufr/build/share/eccodes/definitions/mars/grib.enfh.pf.def
+ for file in '`find ${ECCODES_DEFINITION_PATH}/ -name '\''*.def'\'' -print | grep -v grib3/`'
+ /opt/local/bufr/build/bin/codes_parser /opt/local/bufr/build/share/eccodes/definitions/mars/grib.mnth.4v.def
+ for file in '`find ${ECCODES_DEFINITION_PATH}/ -name '\''*.def'\'' -print | grep -v grib3/`'
+ /opt/local/bufr/build/bin/codes_parser /opt/local/bufr/build/share/eccodes/definitions/mars/grib.oper.fc.def
+ for file in '`find ${ECCODES_DEFINITION_PATH}/ -name '\''*.def'\'' -print | grep -v grib3/`'
+ /opt/local/bufr/build/bin/codes_parser /opt/local/bufr/build/share/eccodes/definitions/mars/grib.elda.es.def
+ for file in '`find ${ECCODES_DEFINITION_PATH}/ -name '\''*.def'\'' -print | grep -v grib3/`'
+ /opt/local/bufr/build/bin/codes_parser /opt/local/bufr/build/share/eccodes/definitions/mars/grib.mfwm.fcmin.def
+ for file in '`find ${ECCODES_DEFINITION_PATH}/ -name '\''*.def'\'' -print | grep -v grib3/`'
+ /opt/local/bufr/build/bin/codes_parser /opt/local/bufr/build/share/eccodes/definitions/mars/grib.enwh.fcmax.def
+ for file in '`find ${ECCODES_DEFINITION_PATH}/ -name '\''*.def'\'' -print | grep -v grib3/`'
+ /opt/local/bufr/build/bin/codes_parser /opt/local/bufr/build/share/eccodes/definitions/mars/grib.swmm.fcstdev.def
+ for file in '`find ${ECCODES_DEFINITION_PATH}/ -name '\''*.def'\'' -print | grep -v grib3/`'
+ /opt/local/bufr/build/bin/codes_parser /opt/local/bufr/build/share/eccodes/definitions/mars/grib.edmm.ia.def
+ for file in '`find ${ECCODES_DEFINITION_PATH}/ -name '\''*.def'\'' -print | grep -v grib3/`'
+ /opt/local/bufr/build/bin/codes_parser /opt/local/bufr/build/share/eccodes/definitions/mars/grib.waef.efi.def
+ for file in '`find ${ECCODES_DEFINITION_PATH}/ -name '\''*.def'\'' -print | grep -v grib3/`'
+ /opt/local/bufr/build/bin/codes_parser /opt/local/bufr/build/share/eccodes/definitions/mars/grib.mnfc.ed.def
+ for file in '`find ${ECCODES_DEFINITION_PATH}/ -name '\''*.def'\'' -print | grep -v grib3/`'
+ /opt/local/bufr/build/bin/codes_parser /opt/local/bufr/build/share/eccodes/definitions/mars/grib.msda.an.def
+ for file in '`find ${ECCODES_DEFINITION_PATH}/ -name '\''*.def'\'' -print | grep -v grib3/`'
+ /opt/local/bufr/build/bin/codes_parser /opt/local/bufr/build/share/eccodes/definitions/mars/grib.lwda.fc.def
+ for file in '`find ${ECCODES_DEFINITION_PATH}/ -name '\''*.def'\'' -print | grep -v grib3/`'
+ /opt/local/bufr/build/bin/codes_parser /opt/local/bufr/build/share/eccodes/definitions/mars/grib.enfo.svar.def
+ for file in '`find ${ECCODES_DEFINITION_PATH}/ -name '\''*.def'\'' -print | grep -v grib3/`'
+ /opt/local/bufr/build/bin/codes_parser /opt/local/bufr/build/share/eccodes/definitions/mars/grib.ocea.an.def
+ for file in '`find ${ECCODES_DEFINITION_PATH}/ -name '\''*.def'\'' -print | grep -v grib3/`'
+ /opt/local/bufr/build/bin/codes_parser /opt/local/bufr/build/share/eccodes/definitions/mars/grib.mmsf.fc.def
+ for file in '`find ${ECCODES_DEFINITION_PATH}/ -name '\''*.def'\'' -print | grep -v grib3/`'
+ /opt/local/bufr/build/bin/codes_parser /opt/local/bufr/build/share/eccodes/definitions/mars/grib.wave.def
+ for file in '`find ${ECCODES_DEFINITION_PATH}/ -name '\''*.def'\'' -print | grep -v grib3/`'
+ /opt/local/bufr/build/bin/codes_parser /opt/local/bufr/build/share/eccodes/definitions/mars/grib.elda.fc.def
+ for file in '`find ${ECCODES_DEFINITION_PATH}/ -name '\''*.def'\'' -print | grep -v grib3/`'
+ /opt/local/bufr/build/bin/codes_parser /opt/local/bufr/build/share/eccodes/definitions/mars/grib.mnfc.es.def
+ for file in '`find ${ECCODES_DEFINITION_PATH}/ -name '\''*.def'\'' -print | grep -v grib3/`'
+ /opt/local/bufr/build/bin/codes_parser /opt/local/bufr/build/share/eccodes/definitions/mars/grib.wave.fg.def
+ for file in '`find ${ECCODES_DEFINITION_PATH}/ -name '\''*.def'\'' -print | grep -v grib3/`'
+ /opt/local/bufr/build/bin/codes_parser /opt/local/bufr/build/share/eccodes/definitions/mars/grib.mdfa.fc.def
+ for file in '`find ${ECCODES_DEFINITION_PATH}/ -name '\''*.def'\'' -print | grep -v grib3/`'
+ /opt/local/bufr/build/bin/codes_parser /opt/local/bufr/build/share/eccodes/definitions/mars/grib.mnfw.fc.def
+ for file in '`find ${ECCODES_DEFINITION_PATH}/ -name '\''*.def'\'' -print | grep -v grib3/`'
+ /opt/local/bufr/build/bin/codes_parser /opt/local/bufr/build/share/eccodes/definitions/mars/grib.efcl.go.def
+ for file in '`find ${ECCODES_DEFINITION_PATH}/ -name '\''*.def'\'' -print | grep -v grib3/`'
+ /opt/local/bufr/build/bin/codes_parser /opt/local/bufr/build/share/eccodes/definitions/mars/grib.edmo.4v.def
+ for file in '`find ${ECCODES_DEFINITION_PATH}/ -name '\''*.def'\'' -print | grep -v grib3/`'
+ /opt/local/bufr/build/bin/codes_parser /opt/local/bufr/build/share/eccodes/definitions/mars/grib.mfam.fcmean.def
+ for file in '`find ${ECCODES_DEFINITION_PATH}/ -name '\''*.def'\'' -print | grep -v grib3/`'
+ /opt/local/bufr/build/bin/codes_parser /opt/local/bufr/build/share/eccodes/definitions/mars/grib.edmo.fc.def
+ for file in '`find ${ECCODES_DEFINITION_PATH}/ -name '\''*.def'\'' -print | grep -v grib3/`'
+ /opt/local/bufr/build/bin/codes_parser /opt/local/bufr/build/share/eccodes/definitions/mars/grib.lwda.me.def
+ for file in '`find ${ECCODES_DEFINITION_PATH}/ -name '\''*.def'\'' -print | grep -v grib3/`'
+ /opt/local/bufr/build/bin/codes_parser /opt/local/bufr/build/share/eccodes/definitions/mars/grib.oper.ea.def
+ for file in '`find ${ECCODES_DEFINITION_PATH}/ -name '\''*.def'\'' -print | grep -v grib3/`'
+ /opt/local/bufr/build/bin/codes_parser /opt/local/bufr/build/share/eccodes/definitions/mars/grib.mhwm.fcmax.def
+ for file in '`find ${ECCODES_DEFINITION_PATH}/ -name '\''*.def'\'' -print | grep -v grib3/`'
+ /opt/local/bufr/build/bin/codes_parser /opt/local/bufr/build/share/eccodes/definitions/mars/grib.mhwm.fcmin.def
+ for file in '`find ${ECCODES_DEFINITION_PATH}/ -name '\''*.def'\'' -print | grep -v grib3/`'
+ /opt/local/bufr/build/bin/codes_parser /opt/local/bufr/build/share/eccodes/definitions/mars/grib.lwda.ssd.def
+ for file in '`find ${ECCODES_DEFINITION_PATH}/ -name '\''*.def'\'' -print | grep -v grib3/`'
+ /opt/local/bufr/build/bin/codes_parser /opt/local/bufr/build/share/eccodes/definitions/mars/grib.oper.fg.def
+ for file in '`find ${ECCODES_DEFINITION_PATH}/ -name '\''*.def'\'' -print | grep -v grib3/`'
+ /opt/local/bufr/build/bin/codes_parser /opt/local/bufr/build/share/eccodes/definitions/mars/grib.enfh.ff.def
+ for file in '`find ${ECCODES_DEFINITION_PATH}/ -name '\''*.def'\'' -print | grep -v grib3/`'
+ /opt/local/bufr/build/bin/codes_parser /opt/local/bufr/build/share/eccodes/definitions/mars/grib.edmo.an.def
+ for file in '`find ${ECCODES_DEFINITION_PATH}/ -name '\''*.def'\'' -print | grep -v grib3/`'
+ /opt/local/bufr/build/bin/codes_parser /opt/local/bufr/build/share/eccodes/definitions/mars/grib.enfo.fcstdev.def
+ for file in '`find ${ECCODES_DEFINITION_PATH}/ -name '\''*.def'\'' -print | grep -v grib3/`'
+ /opt/local/bufr/build/bin/codes_parser /opt/local/bufr/build/share/eccodes/definitions/mars/grib.mpic.s3.def
+ for file in '`find ${ECCODES_DEFINITION_PATH}/ -name '\''*.def'\'' -print | grep -v grib3/`'
+ /opt/local/bufr/build/bin/codes_parser /opt/local/bufr/build/share/eccodes/definitions/mars/grib.mnfc.cf.def
+ for file in '`find ${ECCODES_DEFINITION_PATH}/ -name '\''*.def'\'' -print | grep -v grib3/`'
+ /opt/local/bufr/build/bin/codes_parser /opt/local/bufr/build/share/eccodes/definitions/mars/grib.mnfm.es.def
+ for file in '`find ${ECCODES_DEFINITION_PATH}/ -name '\''*.def'\'' -print | grep -v grib3/`'
+ /opt/local/bufr/build/bin/codes_parser /opt/local/bufr/build/share/eccodes/definitions/mars/grib.ocea.of.def
+ for file in '`find ${ECCODES_DEFINITION_PATH}/ -name '\''*.def'\'' -print | grep -v grib3/`'
+ /opt/local/bufr/build/bin/codes_parser /opt/local/bufr/build/share/eccodes/definitions/mars/eswi/grib.oper.fc.def
+ for file in '`find ${ECCODES_DEFINITION_PATH}/ -name '\''*.def'\'' -print | grep -v grib3/`'
+ /opt/local/bufr/build/bin/codes_parser /opt/local/bufr/build/share/eccodes/definitions/mars/eswi/grib.mdfa.fc.def
+ for file in '`find ${ECCODES_DEFINITION_PATH}/ -name '\''*.def'\'' -print | grep -v grib3/`'
+ /opt/local/bufr/build/bin/codes_parser /opt/local/bufr/build/share/eccodes/definitions/mars/eswi/grib.moda.fc.def
+ for file in '`find ${ECCODES_DEFINITION_PATH}/ -name '\''*.def'\'' -print | grep -v grib3/`'
+ /opt/local/bufr/build/bin/codes_parser /opt/local/bufr/build/share/eccodes/definitions/mars/eswi/grib.expr.4v.def
+ for file in '`find ${ECCODES_DEFINITION_PATH}/ -name '\''*.def'\'' -print | grep -v grib3/`'
+ /opt/local/bufr/build/bin/codes_parser /opt/local/bufr/build/share/eccodes/definitions/mars/eswi/grib.expr.fc.def
+ for file in '`find ${ECCODES_DEFINITION_PATH}/ -name '\''*.def'\'' -print | grep -v grib3/`'
+ /opt/local/bufr/build/bin/codes_parser /opt/local/bufr/build/share/eccodes/definitions/mars/eswi/grib.moda.an.def
+ for file in '`find ${ECCODES_DEFINITION_PATH}/ -name '\''*.def'\'' -print | grep -v grib3/`'
+ /opt/local/bufr/build/bin/codes_parser /opt/local/bufr/build/share/eccodes/definitions/mars/eswi/aerosolPackingConcept.def
+ for file in '`find ${ECCODES_DEFINITION_PATH}/ -name '\''*.def'\'' -print | grep -v grib3/`'
+ /opt/local/bufr/build/bin/codes_parser /opt/local/bufr/build/share/eccodes/definitions/mars/eswi/grib.mnth.fc.def
+ for file in '`find ${ECCODES_DEFINITION_PATH}/ -name '\''*.def'\'' -print | grep -v grib3/`'
+ /opt/local/bufr/build/bin/codes_parser /opt/local/bufr/build/share/eccodes/definitions/mars/eswi/grib.expr.an.def
+ for file in '`find ${ECCODES_DEFINITION_PATH}/ -name '\''*.def'\'' -print | grep -v grib3/`'
+ /opt/local/bufr/build/bin/codes_parser /opt/local/bufr/build/share/eccodes/definitions/mars/eswi/grib.expr.3v.def
+ for file in '`find ${ECCODES_DEFINITION_PATH}/ -name '\''*.def'\'' -print | grep -v grib3/`'
+ /opt/local/bufr/build/bin/codes_parser /opt/local/bufr/build/share/eccodes/definitions/mars/eswi/grib.oper.3v.def
+ for file in '`find ${ECCODES_DEFINITION_PATH}/ -name '\''*.def'\'' -print | grep -v grib3/`'
+ /opt/local/bufr/build/bin/codes_parser /opt/local/bufr/build/share/eccodes/definitions/mars/eswi/grib.oper.4v.def
+ for file in '`find ${ECCODES_DEFINITION_PATH}/ -name '\''*.def'\'' -print | grep -v grib3/`'
+ /opt/local/bufr/build/bin/codes_parser /opt/local/bufr/build/share/eccodes/definitions/mars/eswi/grib.expr.si.def
+ for file in '`find ${ECCODES_DEFINITION_PATH}/ -name '\''*.def'\'' -print | grep -v grib3/`'
+ /opt/local/bufr/build/bin/codes_parser /opt/local/bufr/build/share/eccodes/definitions/mars/eswi/grib.oper.an.def
+ for file in '`find ${ECCODES_DEFINITION_PATH}/ -name '\''*.def'\'' -print | grep -v grib3/`'
+ /opt/local/bufr/build/bin/codes_parser /opt/local/bufr/build/share/eccodes/definitions/mars/eswi/wave_domain.def
+ for file in '`find ${ECCODES_DEFINITION_PATH}/ -name '\''*.def'\'' -print | grep -v grib3/`'
+ /opt/local/bufr/build/bin/codes_parser /opt/local/bufr/build/share/eccodes/definitions/mars/eswi/grib.mnth.an.def
+ for file in '`find ${ECCODES_DEFINITION_PATH}/ -name '\''*.def'\'' -print | grep -v grib3/`'
+ /opt/local/bufr/build/bin/codes_parser /opt/local/bufr/build/share/eccodes/definitions/mars/eswi/grib.oper.si.def
+ for file in '`find ${ECCODES_DEFINITION_PATH}/ -name '\''*.def'\'' -print | grep -v grib3/`'
+ /opt/local/bufr/build/bin/codes_parser /opt/local/bufr/build/share/eccodes/definitions/mars/grib.efas.pf.def
+ for file in '`find ${ECCODES_DEFINITION_PATH}/ -name '\''*.def'\'' -print | grep -v grib3/`'
+ /opt/local/bufr/build/bin/codes_parser /opt/local/bufr/build/share/eccodes/definitions/mars/grib.mfwm.fcmax.def
+ for file in '`find ${ECCODES_DEFINITION_PATH}/ -name '\''*.def'\'' -print | grep -v grib3/`'
+ /opt/local/bufr/build/bin/codes_parser /opt/local/bufr/build/share/eccodes/definitions/mars/grib.ocea.fx.def
+ for file in '`find ${ECCODES_DEFINITION_PATH}/ -name '\''*.def'\'' -print | grep -v grib3/`'
+ /opt/local/bufr/build/bin/codes_parser /opt/local/bufr/build/share/eccodes/definitions/mars/grib.mmsa.fcmean.def
+ for file in '`find ${ECCODES_DEFINITION_PATH}/ -name '\''*.def'\'' -print | grep -v grib3/`'
+ /opt/local/bufr/build/bin/codes_parser /opt/local/bufr/build/share/eccodes/definitions/mars/grib.efas.fc.def
+ for file in '`find ${ECCODES_DEFINITION_PATH}/ -name '\''*.def'\'' -print | grep -v grib3/`'
+ /opt/local/bufr/build/bin/codes_parser /opt/local/bufr/build/share/eccodes/definitions/mars/grib.moda.fc.def
+ for file in '`find ${ECCODES_DEFINITION_PATH}/ -name '\''*.def'\'' -print | grep -v grib3/`'
+ /opt/local/bufr/build/bin/codes_parser /opt/local/bufr/build/share/eccodes/definitions/mars/grib.mofm.fcmin.def
+ for file in '`find ${ECCODES_DEFINITION_PATH}/ -name '\''*.def'\'' -print | grep -v grib3/`'
+ /opt/local/bufr/build/bin/codes_parser /opt/local/bufr/build/share/eccodes/definitions/mars/grib.sfmm.fcmax.def
+ for file in '`find ${ECCODES_DEFINITION_PATH}/ -name '\''*.def'\'' -print | grep -v grib3/`'
+ /opt/local/bufr/build/bin/codes_parser /opt/local/bufr/build/share/eccodes/definitions/mars/grib.elda.an.def
+ for file in '`find ${ECCODES_DEFINITION_PATH}/ -name '\''*.def'\'' -print | grep -v grib3/`'
+ /opt/local/bufr/build/bin/codes_parser /opt/local/bufr/build/share/eccodes/definitions/mars/grib.wamd.fc.def
+ for file in '`find ${ECCODES_DEFINITION_PATH}/ -name '\''*.def'\'' -print | grep -v grib3/`'
+ /opt/local/bufr/build/bin/codes_parser /opt/local/bufr/build/share/eccodes/definitions/mars/grib.wfas.sfo.def
+ for file in '`find ${ECCODES_DEFINITION_PATH}/ -name '\''*.def'\'' -print | grep -v grib3/`'
+ /opt/local/bufr/build/bin/codes_parser /opt/local/bufr/build/share/eccodes/definitions/mars/grib.waef.pf.def
+ for file in '`find ${ECCODES_DEFINITION_PATH}/ -name '\''*.def'\'' -print | grep -v grib3/`'
+ /opt/local/bufr/build/bin/codes_parser /opt/local/bufr/build/share/eccodes/definitions/mars/grib.mfam.pd.def
+ for file in '`find ${ECCODES_DEFINITION_PATH}/ -name '\''*.def'\'' -print | grep -v grib3/`'
+ /opt/local/bufr/build/bin/codes_parser /opt/local/bufr/build/share/eccodes/definitions/mars/grib.enwh.fcmean.def
+ for file in '`find ${ECCODES_DEFINITION_PATH}/ -name '\''*.def'\'' -print | grep -v grib3/`'
+ /opt/local/bufr/build/bin/codes_parser /opt/local/bufr/build/share/eccodes/definitions/mars/grib.ehmm.em.def
+ for file in '`find ${ECCODES_DEFINITION_PATH}/ -name '\''*.def'\'' -print | grep -v grib3/`'
+ /opt/local/bufr/build/bin/codes_parser /opt/local/bufr/build/share/eccodes/definitions/mars/grib.ewho.cf.def
+ for file in '`find ${ECCODES_DEFINITION_PATH}/ -name '\''*.def'\'' -print | grep -v grib3/`'
+ /opt/local/bufr/build/bin/codes_parser /opt/local/bufr/build/share/eccodes/definitions/mars/grib.oper.go.def
+ for file in '`find ${ECCODES_DEFINITION_PATH}/ -name '\''*.def'\'' -print | grep -v grib3/`'
+ /opt/local/bufr/build/bin/codes_parser /opt/local/bufr/build/share/eccodes/definitions/mars/grib.enda.es.def
+ for file in '`find ${ECCODES_DEFINITION_PATH}/ -name '\''*.def'\'' -print | grep -v grib3/`'
+ /opt/local/bufr/build/bin/codes_parser /opt/local/bufr/build/share/eccodes/definitions/mars/grib.enfh.fcmean.def
+ for file in '`find ${ECCODES_DEFINITION_PATH}/ -name '\''*.def'\'' -print | grep -v grib3/`'
+ /opt/local/bufr/build/bin/codes_parser /opt/local/bufr/build/share/eccodes/definitions/mars/grib.edmm.cl.def
+ for file in '`find ${ECCODES_DEFINITION_PATH}/ -name '\''*.def'\'' -print | grep -v grib3/`'
+ /opt/local/bufr/build/bin/codes_parser /opt/local/bufr/build/share/eccodes/definitions/mars/grib.mnth.ia.def
+ for file in '`find ${ECCODES_DEFINITION_PATH}/ -name '\''*.def'\'' -print | grep -v grib3/`'
+ /opt/local/bufr/build/bin/codes_parser /opt/local/bufr/build/share/eccodes/definitions/mars/grib.enfo.em.def
+ for file in '`find ${ECCODES_DEFINITION_PATH}/ -name '\''*.def'\'' -print | grep -v grib3/`'
+ /opt/local/bufr/build/bin/codes_parser /opt/local/bufr/build/share/eccodes/definitions/mars/grib.mnfh.es.def
+ for file in '`find ${ECCODES_DEFINITION_PATH}/ -name '\''*.def'\'' -print | grep -v grib3/`'
+ /opt/local/bufr/build/bin/codes_parser /opt/local/bufr/build/share/eccodes/definitions/mars/grib.waef.sot.def
+ for file in '`find ${ECCODES_DEFINITION_PATH}/ -name '\''*.def'\'' -print | grep -v grib3/`'
+ /opt/local/bufr/build/bin/codes_parser /opt/local/bufr/build/share/eccodes/definitions/mars/grib.oper.me.def
+ for file in '`find ${ECCODES_DEFINITION_PATH}/ -name '\''*.def'\'' -print | grep -v grib3/`'
+ /opt/local/bufr/build/bin/codes_parser /opt/local/bufr/build/share/eccodes/definitions/mars/grib.wamd.an.def
+ for file in '`find ${ECCODES_DEFINITION_PATH}/ -name '\''*.def'\'' -print | grep -v grib3/`'
+ /opt/local/bufr/build/bin/codes_parser /opt/local/bufr/build/share/eccodes/definitions/mars/grib.oper.sim.def
+ for file in '`find ${ECCODES_DEFINITION_PATH}/ -name '\''*.def'\'' -print | grep -v grib3/`'
+ /opt/local/bufr/build/bin/codes_parser /opt/local/bufr/build/share/eccodes/definitions/mars/grib.oper.ssd.def
+ for file in '`find ${ECCODES_DEFINITION_PATH}/ -name '\''*.def'\'' -print | grep -v grib3/`'
+ /opt/local/bufr/build/bin/codes_parser /opt/local/bufr/build/share/eccodes/definitions/mars/grib.mofc.ed.def
+ for file in '`find ${ECCODES_DEFINITION_PATH}/ -name '\''*.def'\'' -print | grep -v grib3/`'
+ /opt/local/bufr/build/bin/codes_parser /opt/local/bufr/build/share/eccodes/definitions/mars/grib.seas.ff.def
+ for file in '`find ${ECCODES_DEFINITION_PATH}/ -name '\''*.def'\'' -print | grep -v grib3/`'
+ /opt/local/bufr/build/bin/codes_parser /opt/local/bufr/build/share/eccodes/definitions/mars/grib.wehs.em.def
+ for file in '`find ${ECCODES_DEFINITION_PATH}/ -name '\''*.def'\'' -print | grep -v grib3/`'
+ /opt/local/bufr/build/bin/codes_parser /opt/local/bufr/build/share/eccodes/definitions/mars/grib.mnth.cl.def
+ for file in '`find ${ECCODES_DEFINITION_PATH}/ -name '\''*.def'\'' -print | grep -v grib3/`'
+ /opt/local/bufr/build/bin/codes_parser /opt/local/bufr/build/share/eccodes/definitions/mars/grib.mofm.fcmean.def
+ for file in '`find ${ECCODES_DEFINITION_PATH}/ -name '\''*.def'\'' -print | grep -v grib3/`'
+ /opt/local/bufr/build/bin/codes_parser /opt/local/bufr/build/share/eccodes/definitions/mars/grib.enfo.taem.def
+ for file in '`find ${ECCODES_DEFINITION_PATH}/ -name '\''*.def'\'' -print | grep -v grib3/`'
+ /opt/local/bufr/build/bin/codes_parser /opt/local/bufr/build/share/eccodes/definitions/mars/grib.mofc.em.def
+ for file in '`find ${ECCODES_DEFINITION_PATH}/ -name '\''*.def'\'' -print | grep -v grib3/`'
+ /opt/local/bufr/build/bin/codes_parser /opt/local/bufr/build/share/eccodes/definitions/mars/grib.edmm.fg.def
+ for file in '`find ${ECCODES_DEFINITION_PATH}/ -name '\''*.def'\'' -print | grep -v grib3/`'
+ /opt/local/bufr/build/bin/codes_parser /opt/local/bufr/build/share/eccodes/definitions/mars/grib.lwda.an.def
+ for file in '`find ${ECCODES_DEFINITION_PATH}/ -name '\''*.def'\'' -print | grep -v grib3/`'
+ /opt/local/bufr/build/bin/codes_parser /opt/local/bufr/build/share/eccodes/definitions/mars/grib.efhs.ed.def
+ for file in '`find ${ECCODES_DEFINITION_PATH}/ -name '\''*.def'\'' -print | grep -v grib3/`'
+ /opt/local/bufr/build/bin/codes_parser /opt/local/bufr/build/share/eccodes/definitions/mars/grib.enfo.pf.def
+ for file in '`find ${ECCODES_DEFINITION_PATH}/ -name '\''*.def'\'' -print | grep -v grib3/`'
+ /opt/local/bufr/build/bin/codes_parser /opt/local/bufr/build/share/eccodes/definitions/mars/grib.enfh.fcmax.def
+ for file in '`find ${ECCODES_DEFINITION_PATH}/ -name '\''*.def'\'' -print | grep -v grib3/`'
+ /opt/local/bufr/build/bin/codes_parser /opt/local/bufr/build/share/eccodes/definitions/mars/grib.sens.sf.def
+ for file in '`find ${ECCODES_DEFINITION_PATH}/ -name '\''*.def'\'' -print | grep -v grib3/`'
+ /opt/local/bufr/build/bin/codes_parser /opt/local/bufr/build/share/eccodes/definitions/mars/grib.waef.fp.def
+ for file in '`find ${ECCODES_DEFINITION_PATH}/ -name '\''*.def'\'' -print | grep -v grib3/`'
+ /opt/local/bufr/build/bin/codes_parser /opt/local/bufr/build/share/eccodes/definitions/mars/grib.mfhm.fcmean.def
+ for file in '`find ${ECCODES_DEFINITION_PATH}/ -name '\''*.def'\'' -print | grep -v grib3/`'
+ /opt/local/bufr/build/bin/codes_parser /opt/local/bufr/build/share/eccodes/definitions/mars/grib.edmm.4v.def
+ for file in '`find ${ECCODES_DEFINITION_PATH}/ -name '\''*.def'\'' -print | grep -v grib3/`'
+ /opt/local/bufr/build/bin/codes_parser /opt/local/bufr/build/share/eccodes/definitions/mars/grib.elda.ea.def
+ for file in '`find ${ECCODES_DEFINITION_PATH}/ -name '\''*.def'\'' -print | grep -v grib3/`'
+ /opt/local/bufr/build/bin/codes_parser /opt/local/bufr/build/share/eccodes/definitions/mars/grib.ewmo.cl.def
+ for file in '`find ${ECCODES_DEFINITION_PATH}/ -name '\''*.def'\'' -print | grep -v grib3/`'
+ /opt/local/bufr/build/bin/codes_parser /opt/local/bufr/build/share/eccodes/definitions/mars/grib.edmo.cl.def
+ for file in '`find ${ECCODES_DEFINITION_PATH}/ -name '\''*.def'\'' -print | grep -v grib3/`'
+ /opt/local/bufr/build/bin/codes_parser /opt/local/bufr/build/share/eccodes/definitions/mars/base.def
+ for file in '`find ${ECCODES_DEFINITION_PATH}/ -name '\''*.def'\'' -print | grep -v grib3/`'
+ /opt/local/bufr/build/bin/codes_parser /opt/local/bufr/build/share/eccodes/definitions/mars/grib.enda.svar.def
+ for file in '`find ${ECCODES_DEFINITION_PATH}/ -name '\''*.def'\'' -print | grep -v grib3/`'
+ /opt/local/bufr/build/bin/codes_parser /opt/local/bufr/build/share/eccodes/definitions/mars/grib.enda.sv.def
+ for file in '`find ${ECCODES_DEFINITION_PATH}/ -name '\''*.def'\'' -print | grep -v grib3/`'
+ /opt/local/bufr/build/bin/codes_parser /opt/local/bufr/build/share/eccodes/definitions/mars/grib.mnth.fg.def
+ for file in '`find ${ECCODES_DEFINITION_PATH}/ -name '\''*.def'\'' -print | grep -v grib3/`'
+ /opt/local/bufr/build/bin/codes_parser /opt/local/bufr/build/share/eccodes/definitions/mars/grib.ewmo.def
+ for file in '`find ${ECCODES_DEFINITION_PATH}/ -name '\''*.def'\'' -print | grep -v grib3/`'
+ /opt/local/bufr/build/bin/codes_parser /opt/local/bufr/build/share/eccodes/definitions/mars/grib.enfo.cf.def
+ for file in '`find ${ECCODES_DEFINITION_PATH}/ -name '\''*.def'\'' -print | grep -v grib3/`'
+ /opt/local/bufr/build/bin/codes_parser /opt/local/bufr/build/share/eccodes/definitions/mars/grib.me.def
+ for file in '`find ${ECCODES_DEFINITION_PATH}/ -name '\''*.def'\'' -print | grep -v grib3/`'
+ /opt/local/bufr/build/bin/codes_parser /opt/local/bufr/build/share/eccodes/definitions/mars/grib.waef.fcstdev.def
+ for file in '`find ${ECCODES_DEFINITION_PATH}/ -name '\''*.def'\'' -print | grep -v grib3/`'
+ /opt/local/bufr/build/bin/codes_parser /opt/local/bufr/build/share/eccodes/definitions/mars/grib.wfas.cf.def
+ for file in '`find ${ECCODES_DEFINITION_PATH}/ -name '\''*.def'\'' -print | grep -v grib3/`'
+ /opt/local/bufr/build/bin/codes_parser /opt/local/bufr/build/share/eccodes/definitions/mars/grib.seap.an.def
+ for file in '`find ${ECCODES_DEFINITION_PATH}/ -name '\''*.def'\'' -print | grep -v grib3/`'
+ /opt/local/bufr/build/bin/codes_parser /opt/local/bufr/build/share/eccodes/definitions/mars/grib.elda.4v.def
+ for file in '`find ${ECCODES_DEFINITION_PATH}/ -name '\''*.def'\'' -print | grep -v grib3/`'
+ /opt/local/bufr/build/bin/codes_parser /opt/local/bufr/build/share/eccodes/definitions/mars/grib.efhc.pf.def
+ for file in '`find ${ECCODES_DEFINITION_PATH}/ -name '\''*.def'\'' -print | grep -v grib3/`'
+ /opt/local/bufr/build/bin/codes_parser /opt/local/bufr/build/share/eccodes/definitions/mars/grib.mofc.of.def
+ for file in '`find ${ECCODES_DEFINITION_PATH}/ -name '\''*.def'\'' -print | grep -v grib3/`'
+ /opt/local/bufr/build/bin/codes_parser /opt/local/bufr/build/share/eccodes/definitions/mars/grib.mawv.fc.def
+ for file in '`find ${ECCODES_DEFINITION_PATH}/ -name '\''*.def'\'' -print | grep -v grib3/`'
+ /opt/local/bufr/build/bin/codes_parser /opt/local/bufr/build/share/eccodes/definitions/mars/grib.ewhc.pf.def
+ for file in '`find ${ECCODES_DEFINITION_PATH}/ -name '\''*.def'\'' -print | grep -v grib3/`'
+ /opt/local/bufr/build/bin/codes_parser /opt/local/bufr/build/share/eccodes/definitions/mars/grib.efhs.taes.def
+ for file in '`find ${ECCODES_DEFINITION_PATH}/ -name '\''*.def'\'' -print | grep -v grib3/`'
+ /opt/local/bufr/build/bin/codes_parser /opt/local/bufr/build/share/eccodes/definitions/mars/grib.efhs.em.def
+ for file in '`find ${ECCODES_DEFINITION_PATH}/ -name '\''*.def'\'' -print | grep -v grib3/`'
+ /opt/local/bufr/build/bin/codes_parser /opt/local/bufr/build/share/eccodes/definitions/mars/grib.kwbc.pf.def
+ for file in '`find ${ECCODES_DEFINITION_PATH}/ -name '\''*.def'\'' -print | grep -v grib3/`'
+ /opt/local/bufr/build/bin/codes_parser /opt/local/bufr/build/share/eccodes/definitions/mars/grib.elda.em.def
+ for file in '`find ${ECCODES_DEFINITION_PATH}/ -name '\''*.def'\'' -print | grep -v grib3/`'
+ /opt/local/bufr/build/bin/codes_parser /opt/local/bufr/build/share/eccodes/definitions/mars/grib.ewla.4v.def
+ for file in '`find ${ECCODES_DEFINITION_PATH}/ -name '\''*.def'\'' -print | grep -v grib3/`'
+ /opt/local/bufr/build/bin/codes_parser /opt/local/bufr/build/share/eccodes/definitions/mars/grib.enfo.ed.def
+ for file in '`find ${ECCODES_DEFINITION_PATH}/ -name '\''*.def'\'' -print | grep -v grib3/`'
+ /opt/local/bufr/build/bin/codes_parser /opt/local/bufr/build/share/eccodes/definitions/mars/grib.waef.fcmin.def
+ for file in '`find ${ECCODES_DEFINITION_PATH}/ -name '\''*.def'\'' -print | grep -v grib3/`'
+ /opt/local/bufr/build/bin/codes_parser /opt/local/bufr/build/share/eccodes/definitions/mars/grib.ewda.fc.def
+ for file in '`find ${ECCODES_DEFINITION_PATH}/ -name '\''*.def'\'' -print | grep -v grib3/`'
+ /opt/local/bufr/build/bin/codes_parser /opt/local/bufr/build/share/eccodes/definitions/mars/grib.moda.an.def
+ for file in '`find ${ECCODES_DEFINITION_PATH}/ -name '\''*.def'\'' -print | grep -v grib3/`'
+ /opt/local/bufr/build/bin/codes_parser /opt/local/bufr/build/share/eccodes/definitions/mars/grib.ocea.ff.def
+ for file in '`find ${ECCODES_DEFINITION_PATH}/ -name '\''*.def'\'' -print | grep -v grib3/`'
+ /opt/local/bufr/build/bin/codes_parser /opt/local/bufr/build/share/eccodes/definitions/mars/grib.wfcl.pf.def
+ for file in '`find ${ECCODES_DEFINITION_PATH}/ -name '\''*.def'\'' -print | grep -v grib3/`'
+ /opt/local/bufr/build/bin/codes_parser /opt/local/bufr/build/share/eccodes/definitions/mars/grib.seap.ef.def
+ for file in '`find ${ECCODES_DEFINITION_PATH}/ -name '\''*.def'\'' -print | grep -v grib3/`'
+ /opt/local/bufr/build/bin/codes_parser /opt/local/bufr/build/share/eccodes/definitions/mars/grib.enwh.cf.def
+ for file in '`find ${ECCODES_DEFINITION_PATH}/ -name '\''*.def'\'' -print | grep -v grib3/`'
+ /opt/local/bufr/build/bin/codes_parser /opt/local/bufr/build/share/eccodes/definitions/mars/grib.ewda.an.def
+ for file in '`find ${ECCODES_DEFINITION_PATH}/ -name '\''*.def'\'' -print | grep -v grib3/`'
+ /opt/local/bufr/build/bin/codes_parser /opt/local/bufr/build/share/eccodes/definitions/mars/grib.ukmo.s3.def
+ for file in '`find ${ECCODES_DEFINITION_PATH}/ -name '\''*.def'\'' -print | grep -v grib3/`'
+ /opt/local/bufr/build/bin/codes_parser /opt/local/bufr/build/share/eccodes/definitions/mars/grib.enfh.cf.def
+ for file in '`find ${ECCODES_DEFINITION_PATH}/ -name '\''*.def'\'' -print | grep -v grib3/`'
+ /opt/local/bufr/build/bin/codes_parser /opt/local/bufr/build/share/eccodes/definitions/mars/grib.wave.an.def
+ for file in '`find ${ECCODES_DEFINITION_PATH}/ -name '\''*.def'\'' -print | grep -v grib3/`'
+ /opt/local/bufr/build/bin/codes_parser /opt/local/bufr/build/share/eccodes/definitions/mars/default_labeling.def
+ for file in '`find ${ECCODES_DEFINITION_PATH}/ -name '\''*.def'\'' -print | grep -v grib3/`'
+ /opt/local/bufr/build/bin/codes_parser /opt/local/bufr/build/share/eccodes/definitions/mars/grib.oper.gai.def
+ for file in '`find ${ECCODES_DEFINITION_PATH}/ -name '\''*.def'\'' -print | grep -v grib3/`'
+ /opt/local/bufr/build/bin/codes_parser /opt/local/bufr/build/share/eccodes/definitions/mars/grib.wehs.es.def
+ for file in '`find ${ECCODES_DEFINITION_PATH}/ -name '\''*.def'\'' -print | grep -v grib3/`'
+ /opt/local/bufr/build/bin/codes_parser /opt/local/bufr/build/share/eccodes/definitions/mars/grib.mnfc.fc.def
+ for file in '`find ${ECCODES_DEFINITION_PATH}/ -name '\''*.def'\'' -print | grep -v grib3/`'
+ /opt/local/bufr/build/bin/codes_parser /opt/local/bufr/build/share/eccodes/definitions/mars/grib.enfo.ff.def
+ for file in '`find ${ECCODES_DEFINITION_PATH}/ -name '\''*.def'\'' -print | grep -v grib3/`'
+ /opt/local/bufr/build/bin/codes_parser /opt/local/bufr/build/share/eccodes/definitions/mars/grib.sfmm.em.def
+ for file in '`find ${ECCODES_DEFINITION_PATH}/ -name '\''*.def'\'' -print | grep -v grib3/`'
+ /opt/local/bufr/build/bin/codes_parser /opt/local/bufr/build/share/eccodes/definitions/mars/grib.seas.fx.def
+ for file in '`find ${ECCODES_DEFINITION_PATH}/ -name '\''*.def'\'' -print | grep -v grib3/`'
+ /opt/local/bufr/build/bin/codes_parser /opt/local/bufr/build/share/eccodes/definitions/mars/grib.efas.go.def
+ for file in '`find ${ECCODES_DEFINITION_PATH}/ -name '\''*.def'\'' -print | grep -v grib3/`'
+ /opt/local/bufr/build/bin/codes_parser /opt/local/bufr/build/share/eccodes/definitions/mars/grib.ewmo.fc.def
+ for file in '`find ${ECCODES_DEFINITION_PATH}/ -name '\''*.def'\'' -print | grep -v grib3/`'
+ /opt/local/bufr/build/bin/codes_parser /opt/local/bufr/build/share/eccodes/definitions/mars/grib.waef.fcmax.def
+ for file in '`find ${ECCODES_DEFINITION_PATH}/ -name '\''*.def'\'' -print | grep -v grib3/`'
+ /opt/local/bufr/build/bin/codes_parser /opt/local/bufr/build/share/eccodes/definitions/mars/grib.waef.efic.def
+ for file in '`find ${ECCODES_DEFINITION_PATH}/ -name '\''*.def'\'' -print | grep -v grib3/`'
+ /opt/local/bufr/build/bin/codes_parser /opt/local/bufr/build/share/eccodes/definitions/mars/grib.scda.me.def
+ for file in '`find ${ECCODES_DEFINITION_PATH}/ -name '\''*.def'\'' -print | grep -v grib3/`'
+ /opt/local/bufr/build/bin/codes_parser /opt/local/bufr/build/share/eccodes/definitions/mars/grib.seas.an.def
+ for file in '`find ${ECCODES_DEFINITION_PATH}/ -name '\''*.def'\'' -print | grep -v grib3/`'
+ /opt/local/bufr/build/bin/codes_parser /opt/local/bufr/build/share/eccodes/definitions/mars/grib.enfo.taes.def
+ for file in '`find ${ECCODES_DEFINITION_PATH}/ -name '\''*.def'\'' -print | grep -v grib3/`'
+ /opt/local/bufr/build/bin/codes_parser /opt/local/bufr/build/share/eccodes/definitions/mars/grib.wamo.cl.def
+ for file in '`find ${ECCODES_DEFINITION_PATH}/ -name '\''*.def'\'' -print | grep -v grib3/`'
+ /opt/local/bufr/build/bin/codes_parser /opt/local/bufr/build/share/eccodes/definitions/mars/grib.dacw.pb.def
+ for file in '`find ${ECCODES_DEFINITION_PATH}/ -name '\''*.def'\'' -print | grep -v grib3/`'
+ /opt/local/bufr/build/bin/codes_parser /opt/local/bufr/build/share/eccodes/definitions/mars/grib.mnth.fc.def
+ for file in '`find ${ECCODES_DEFINITION_PATH}/ -name '\''*.def'\'' -print | grep -v grib3/`'
+ /opt/local/bufr/build/bin/codes_parser /opt/local/bufr/build/share/eccodes/definitions/mars/grib.mnfh.em.def
+ for file in '`find ${ECCODES_DEFINITION_PATH}/ -name '\''*.def'\'' -print | grep -v grib3/`'
+ /opt/local/bufr/build/bin/codes_parser /opt/local/bufr/build/share/eccodes/definitions/mars/grib.mofc.cf.def
+ for file in '`find ${ECCODES_DEFINITION_PATH}/ -name '\''*.def'\'' -print | grep -v grib3/`'
+ /opt/local/bufr/build/bin/codes_parser /opt/local/bufr/build/share/eccodes/definitions/mars/grib.enfo.cs.def
+ for file in '`find ${ECCODES_DEFINITION_PATH}/ -name '\''*.def'\'' -print | grep -v grib3/`'
+ /opt/local/bufr/build/bin/codes_parser /opt/local/bufr/build/share/eccodes/definitions/mars/grib.enfo.efic.def
+ for file in '`find ${ECCODES_DEFINITION_PATH}/ -name '\''*.def'\'' -print | grep -v grib3/`'
+ /opt/local/bufr/build/bin/codes_parser /opt/local/bufr/build/share/eccodes/definitions/mars/grib.elda.me.def
+ for file in '`find ${ECCODES_DEFINITION_PATH}/ -name '\''*.def'\'' -print | grep -v grib3/`'
+ /opt/local/bufr/build/bin/codes_parser /opt/local/bufr/build/share/eccodes/definitions/mars/grib.mhwm.fcmean.def
+ for file in '`find ${ECCODES_DEFINITION_PATH}/ -name '\''*.def'\'' -print | grep -v grib3/`'
+ /opt/local/bufr/build/bin/codes_parser /opt/local/bufr/build/share/eccodes/definitions/mars/grib.mofm.fcmax.def
+ for file in '`find ${ECCODES_DEFINITION_PATH}/ -name '\''*.def'\'' -print | grep -v grib3/`'
+ /opt/local/bufr/build/bin/codes_parser /opt/local/bufr/build/share/eccodes/definitions/mars/grib.wfas.pf.def
+ for file in '`find ${ECCODES_DEFINITION_PATH}/ -name '\''*.def'\'' -print | grep -v grib3/`'
+ /opt/local/bufr/build/bin/codes_parser /opt/local/bufr/build/share/eccodes/definitions/mars/grib.mnfm.fcstdev.def
+ for file in '`find ${ECCODES_DEFINITION_PATH}/ -name '\''*.def'\'' -print | grep -v grib3/`'
+ /opt/local/bufr/build/bin/codes_parser /opt/local/bufr/build/share/eccodes/definitions/mars/grib.efcl.sfo.def
+ for file in '`find ${ECCODES_DEFINITION_PATH}/ -name '\''*.def'\'' -print | grep -v grib3/`'
+ /opt/local/bufr/build/bin/codes_parser /opt/local/bufr/build/share/eccodes/definitions/mars/grib.mnth.ssd.def
+ for file in '`find ${ECCODES_DEFINITION_PATH}/ -name '\''*.def'\'' -print | grep -v grib3/`'
+ /opt/local/bufr/build/bin/codes_parser /opt/local/bufr/build/share/eccodes/definitions/mars/grib.msmm.fcmean.def
+ for file in '`find ${ECCODES_DEFINITION_PATH}/ -name '\''*.def'\'' -print | grep -v grib3/`'
+ /opt/local/bufr/build/bin/codes_parser /opt/local/bufr/build/share/eccodes/definitions/mars/grib.mofm.fcstdev.def
+ for file in '`find ${ECCODES_DEFINITION_PATH}/ -name '\''*.def'\'' -print | grep -v grib3/`'
+ /opt/local/bufr/build/bin/codes_parser /opt/local/bufr/build/share/eccodes/definitions/mars/grib.ewmm.cl.def
+ for file in '`find ${ECCODES_DEFINITION_PATH}/ -name '\''*.def'\'' -print | grep -v grib3/`'
+ /opt/local/bufr/build/bin/codes_parser /opt/local/bufr/build/share/eccodes/definitions/mars/grib.amap.an.def
+ for file in '`find ${ECCODES_DEFINITION_PATH}/ -name '\''*.def'\'' -print | grep -v grib3/`'
+ /opt/local/bufr/build/bin/codes_parser /opt/local/bufr/build/share/eccodes/definitions/mars/grib.msmm.em.def
+ for file in '`find ${ECCODES_DEFINITION_PATH}/ -name '\''*.def'\'' -print | grep -v grib3/`'
+ /opt/local/bufr/build/bin/codes_parser /opt/local/bufr/build/share/eccodes/definitions/mars/grib.mnfm.fcmax.def
+ for file in '`find ${ECCODES_DEFINITION_PATH}/ -name '\''*.def'\'' -print | grep -v grib3/`'
+ /opt/local/bufr/build/bin/codes_parser /opt/local/bufr/build/share/eccodes/definitions/mars/grib.wamo.an.def
+ for file in '`find ${ECCODES_DEFINITION_PATH}/ -name '\''*.def'\'' -print | grep -v grib3/`'
+ /opt/local/bufr/build/bin/codes_parser /opt/local/bufr/build/share/eccodes/definitions/mars/grib.maed.fc.def
+ for file in '`find ${ECCODES_DEFINITION_PATH}/ -name '\''*.def'\'' -print | grep -v grib3/`'
+ /opt/local/bufr/build/bin/codes_parser /opt/local/bufr/build/share/eccodes/definitions/mars/grib.ewhc.cf.def
+ for file in '`find ${ECCODES_DEFINITION_PATH}/ -name '\''*.def'\'' -print | grep -v grib3/`'
+ /opt/local/bufr/build/bin/codes_parser /opt/local/bufr/build/share/eccodes/definitions/mars/grib.enfo.ef.def
+ for file in '`find ${ECCODES_DEFINITION_PATH}/ -name '\''*.def'\'' -print | grep -v grib3/`'
+ /opt/local/bufr/build/bin/codes_parser /opt/local/bufr/build/share/eccodes/definitions/mars/grib.enfo.ep.def
+ for file in '`find ${ECCODES_DEFINITION_PATH}/ -name '\''*.def'\'' -print | grep -v grib3/`'
+ /opt/local/bufr/build/bin/codes_parser /opt/local/bufr/build/share/eccodes/definitions/mars/grib.enfo.cm.def
+ for file in '`find ${ECCODES_DEFINITION_PATH}/ -name '\''*.def'\'' -print | grep -v grib3/`'
+ /opt/local/bufr/build/bin/codes_parser /opt/local/bufr/build/share/eccodes/definitions/mars/grib.msdc.fc.def
+ for file in '`find ${ECCODES_DEFINITION_PATH}/ -name '\''*.def'\'' -print | grep -v grib3/`'
+ /opt/local/bufr/build/bin/codes_parser /opt/local/bufr/build/share/eccodes/definitions/mars/grib.sfmm.fcmean.def
+ for file in '`find ${ECCODES_DEFINITION_PATH}/ -name '\''*.def'\'' -print | grep -v grib3/`'
+ /opt/local/bufr/build/bin/codes_parser /opt/local/bufr/build/share/eccodes/definitions/mars/grib.ewda.4v.def
+ for file in '`find ${ECCODES_DEFINITION_PATH}/ -name '\''*.def'\'' -print | grep -v grib3/`'
+ /opt/local/bufr/build/bin/codes_parser /opt/local/bufr/build/share/eccodes/definitions/mars/grib.mnfc.of.def
+ for file in '`find ${ECCODES_DEFINITION_PATH}/ -name '\''*.def'\'' -print | grep -v grib3/`'
+ /opt/local/bufr/build/bin/codes_parser /opt/local/bufr/build/share/eccodes/definitions/mars/grib.mnfh.fc.def
+ for file in '`find ${ECCODES_DEFINITION_PATH}/ -name '\''*.def'\'' -print | grep -v grib3/`'
+ /opt/local/bufr/build/bin/codes_parser /opt/local/bufr/build/share/eccodes/definitions/mars/grib.enwh.fcstdev.def
+ for file in '`find ${ECCODES_DEFINITION_PATH}/ -name '\''*.def'\'' -print | grep -v grib3/`'
+ /opt/local/bufr/build/bin/codes_parser /opt/local/bufr/build/share/eccodes/definitions/mars/grib.lwwv.4v.def
+ for file in '`find ${ECCODES_DEFINITION_PATH}/ -name '\''*.def'\'' -print | grep -v grib3/`'
+ /opt/local/bufr/build/bin/codes_parser /opt/local/bufr/build/share/eccodes/definitions/mars/grib.scda.4i.def
+ for file in '`find ${ECCODES_DEFINITION_PATH}/ -name '\''*.def'\'' -print | grep -v grib3/`'
+ /opt/local/bufr/build/bin/codes_parser /opt/local/bufr/build/share/eccodes/definitions/mars/grib.gfas.ga.def
+ for file in '`find ${ECCODES_DEFINITION_PATH}/ -name '\''*.def'\'' -print | grep -v grib3/`'
+ /opt/local/bufr/build/bin/codes_parser /opt/local/bufr/build/share/eccodes/definitions/mars/grib.mmaf.fcmean.def
+ for file in '`find ${ECCODES_DEFINITION_PATH}/ -name '\''*.def'\'' -print | grep -v grib3/`'
+ /opt/local/bufr/build/bin/codes_parser /opt/local/bufr/build/share/eccodes/definitions/mars/grib.msmm.fcmin.def
+ for file in '`find ${ECCODES_DEFINITION_PATH}/ -name '\''*.def'\'' -print | grep -v grib3/`'
+ /opt/local/bufr/build/bin/codes_parser /opt/local/bufr/build/share/eccodes/definitions/mars/grib.wehs.cd.def
+ for file in '`find ${ECCODES_DEFINITION_PATH}/ -name '\''*.def'\'' -print | grep -v grib3/`'
+ /opt/local/bufr/build/bin/codes_parser /opt/local/bufr/build/share/eccodes/definitions/mars/grib.wave.4v.def
+ for file in '`find ${ECCODES_DEFINITION_PATH}/ -name '\''*.def'\'' -print | grep -v grib3/`'
+ /opt/local/bufr/build/bin/codes_parser /opt/local/bufr/build/share/eccodes/definitions/mars/grib.weov.pf.def
+ for file in '`find ${ECCODES_DEFINITION_PATH}/ -name '\''*.def'\'' -print | grep -v grib3/`'
+ /opt/local/bufr/build/bin/codes_parser /opt/local/bufr/build/share/eccodes/definitions/mars/grib.msmm.fcmax.def
+ for file in '`find ${ECCODES_DEFINITION_PATH}/ -name '\''*.def'\'' -print | grep -v grib3/`'
+ /opt/local/bufr/build/bin/codes_parser /opt/local/bufr/build/share/eccodes/definitions/mars/grib.efas.sfo.def
+ for file in '`find ${ECCODES_DEFINITION_PATH}/ -name '\''*.def'\'' -print | grep -v grib3/`'
+ /opt/local/bufr/build/bin/codes_parser /opt/local/bufr/build/share/eccodes/definitions/mars/grib.swmm.fcmean.def
+ for file in '`find ${ECCODES_DEFINITION_PATH}/ -name '\''*.def'\'' -print | grep -v grib3/`'
+ /opt/local/bufr/build/bin/codes_parser /opt/local/bufr/build/share/eccodes/definitions/mars/grib.msmm.hcmean.def
+ for file in '`find ${ECCODES_DEFINITION_PATH}/ -name '\''*.def'\'' -print | grep -v grib3/`'
+ /opt/local/bufr/build/bin/codes_parser /opt/local/bufr/build/share/eccodes/definitions/mars/grib.mofc.es.def
+ for file in '`find ${ECCODES_DEFINITION_PATH}/ -name '\''*.def'\'' -print | grep -v grib3/`'
+ /opt/local/bufr/build/bin/codes_parser /opt/local/bufr/build/share/eccodes/definitions/mars/grib.edmo.ssd.def
+ for file in '`find ${ECCODES_DEFINITION_PATH}/ -name '\''*.def'\'' -print | grep -v grib3/`'
+ /opt/local/bufr/build/bin/codes_parser /opt/local/bufr/build/share/eccodes/definitions/mars/grib.efas.cf.def
+ for file in '`find ${ECCODES_DEFINITION_PATH}/ -name '\''*.def'\'' -print | grep -v grib3/`'
+ /opt/local/bufr/build/bin/codes_parser /opt/local/bufr/build/share/eccodes/definitions/mars/grib.enda.4i.def
+ for file in '`find ${ECCODES_DEFINITION_PATH}/ -name '\''*.def'\'' -print | grep -v grib3/`'
+ /opt/local/bufr/build/bin/codes_parser /opt/local/bufr/build/share/eccodes/definitions/mars/grib.lwda.4i.def
+ for file in '`find ${ECCODES_DEFINITION_PATH}/ -name '\''*.def'\'' -print | grep -v grib3/`'
+ /opt/local/bufr/build/bin/codes_parser /opt/local/bufr/build/share/eccodes/definitions/mars/grib.sens.me.def
+ for file in '`find ${ECCODES_DEFINITION_PATH}/ -name '\''*.def'\'' -print | grep -v grib3/`'
+ /opt/local/bufr/build/bin/codes_parser /opt/local/bufr/build/share/eccodes/definitions/mars/grib.oper.ia.def
+ for file in '`find ${ECCODES_DEFINITION_PATH}/ -name '\''*.def'\'' -print | grep -v grib3/`'
+ /opt/local/bufr/build/bin/codes_parser /opt/local/bufr/build/share/eccodes/definitions/mars/grib.wfas.fu.def
+ for file in '`find ${ECCODES_DEFINITION_PATH}/ -name '\''*.def'\'' -print | grep -v grib3/`'
+ /opt/local/bufr/build/bin/codes_parser /opt/local/bufr/build/share/eccodes/definitions/mars/grib.dcda.me.def
+ for file in '`find ${ECCODES_DEFINITION_PATH}/ -name '\''*.def'\'' -print | grep -v grib3/`'
+ /opt/local/bufr/build/bin/codes_parser /opt/local/bufr/build/share/eccodes/definitions/mars/marsTypeConcept.def
+ for file in '`find ${ECCODES_DEFINITION_PATH}/ -name '\''*.def'\'' -print | grep -v grib3/`'
+ /opt/local/bufr/build/bin/codes_parser /opt/local/bufr/build/share/eccodes/definitions/mars/grib.lwwv.an.def
+ for file in '`find ${ECCODES_DEFINITION_PATH}/ -name '\''*.def'\'' -print | grep -v grib3/`'
+ /opt/local/bufr/build/bin/codes_parser /opt/local/bufr/build/share/eccodes/definitions/mars/grib.lwda.4v.def
+ for file in '`find ${ECCODES_DEFINITION_PATH}/ -name '\''*.def'\'' -print | grep -v grib3/`'
+ /opt/local/bufr/build/bin/codes_parser /opt/local/bufr/build/share/eccodes/definitions/mars/grib.ewla.fc.def
+ for file in '`find ${ECCODES_DEFINITION_PATH}/ -name '\''*.def'\'' -print | grep -v grib3/`'
+ /opt/local/bufr/build/bin/codes_parser /opt/local/bufr/build/share/eccodes/definitions/mars/grib.enfo.pd.def
+ for file in '`find ${ECCODES_DEFINITION_PATH}/ -name '\''*.def'\'' -print | grep -v grib3/`'
+ /opt/local/bufr/build/bin/codes_parser /opt/local/bufr/build/share/eccodes/definitions/mars/grib.enfo.fcmax.def
+ for file in '`find ${ECCODES_DEFINITION_PATH}/ -name '\''*.def'\'' -print | grep -v grib3/`'
+ /opt/local/bufr/build/bin/codes_parser /opt/local/bufr/build/share/eccodes/definitions/mars/grib.wamf.cf.def
+ for file in '`find ${ECCODES_DEFINITION_PATH}/ -name '\''*.def'\'' -print | grep -v grib3/`'
+ /opt/local/bufr/build/bin/codes_parser /opt/local/bufr/build/share/eccodes/definitions/mars/grib.mfhm.es.def
+ for file in '`find ${ECCODES_DEFINITION_PATH}/ -name '\''*.def'\'' -print | grep -v grib3/`'
+ /opt/local/bufr/build/bin/codes_parser /opt/local/bufr/build/share/eccodes/definitions/mars/grib.efhs.es.def
+ for file in '`find ${ECCODES_DEFINITION_PATH}/ -name '\''*.def'\'' -print | grep -v grib3/`'
+ /opt/local/bufr/build/bin/codes_parser /opt/local/bufr/build/share/eccodes/definitions/mars/grib.mfam.em.def
+ for file in '`find ${ECCODES_DEFINITION_PATH}/ -name '\''*.def'\'' -print | grep -v grib3/`'
+ /opt/local/bufr/build/bin/codes_parser /opt/local/bufr/build/share/eccodes/definitions/mars/grib.seap.fc.def
+ for file in '`find ${ECCODES_DEFINITION_PATH}/ -name '\''*.def'\'' -print | grep -v grib3/`'
+ /opt/local/bufr/build/bin/codes_parser /opt/local/bufr/build/share/eccodes/definitions/mars/grib.wfcl.sfo.def
+ for file in '`find ${ECCODES_DEFINITION_PATH}/ -name '\''*.def'\'' -print | grep -v grib3/`'
+ /opt/local/bufr/build/bin/codes_parser /opt/local/bufr/build/share/eccodes/definitions/mars/grib.waef.ep.def
+ for file in '`find ${ECCODES_DEFINITION_PATH}/ -name '\''*.def'\'' -print | grep -v grib3/`'
+ /opt/local/bufr/build/bin/codes_parser /opt/local/bufr/build/share/eccodes/definitions/mars/grib.wmfm.fcmax.def
+ for file in '`find ${ECCODES_DEFINITION_PATH}/ -name '\''*.def'\'' -print | grep -v grib3/`'
+ /opt/local/bufr/build/bin/codes_parser /opt/local/bufr/build/share/eccodes/definitions/mars/grib.wfcl.fc.def
+ for file in '`find ${ECCODES_DEFINITION_PATH}/ -name '\''*.def'\'' -print | grep -v grib3/`'
+ /opt/local/bufr/build/bin/codes_parser /opt/local/bufr/build/share/eccodes/definitions/mars/grib.swmm.fcmax.def
+ for file in '`find ${ECCODES_DEFINITION_PATH}/ -name '\''*.def'\'' -print | grep -v grib3/`'
+ /opt/local/bufr/build/bin/codes_parser /opt/local/bufr/build/share/eccodes/definitions/mars/grib.sens.sg.def
+ for file in '`find ${ECCODES_DEFINITION_PATH}/ -name '\''*.def'\'' -print | grep -v grib3/`'
+ /opt/local/bufr/build/bin/codes_parser /opt/local/bufr/build/share/eccodes/definitions/mars/grib.efhs.cd.def
+ for file in '`find ${ECCODES_DEFINITION_PATH}/ -name '\''*.def'\'' -print | grep -v grib3/`'
+ /opt/local/bufr/build/bin/codes_parser /opt/local/bufr/build/share/eccodes/definitions/mars/grib.efcl.pf.def
+ for file in '`find ${ECCODES_DEFINITION_PATH}/ -name '\''*.def'\'' -print | grep -v grib3/`'
+ /opt/local/bufr/build/bin/codes_parser /opt/local/bufr/build/share/eccodes/definitions/mars/grib.enwh.fcmin.def
+ for file in '`find ${ECCODES_DEFINITION_PATH}/ -name '\''*.def'\'' -print | grep -v grib3/`'
+ /opt/local/bufr/build/bin/codes_parser /opt/local/bufr/build/share/eccodes/definitions/mars/grib.oper.3v.def
+ for file in '`find ${ECCODES_DEFINITION_PATH}/ -name '\''*.def'\'' -print | grep -v grib3/`'
+ /opt/local/bufr/build/bin/codes_parser /opt/local/bufr/build/share/eccodes/definitions/mars/grib.swmm.fcmin.def
+ for file in '`find ${ECCODES_DEFINITION_PATH}/ -name '\''*.def'\'' -print | grep -v grib3/`'
+ /opt/local/bufr/build/bin/codes_parser /opt/local/bufr/build/share/eccodes/definitions/mars/grib.dcda.4i.def
+ for file in '`find ${ECCODES_DEFINITION_PATH}/ -name '\''*.def'\'' -print | grep -v grib3/`'
+ /opt/local/bufr/build/bin/codes_parser /opt/local/bufr/build/share/eccodes/definitions/mars/grib.oper.4i.def
+ for file in '`find ${ECCODES_DEFINITION_PATH}/ -name '\''*.def'\'' -print | grep -v grib3/`'
+ /opt/local/bufr/build/bin/codes_parser /opt/local/bufr/build/share/eccodes/definitions/mars/grib.ewla.an.def
+ for file in '`find ${ECCODES_DEFINITION_PATH}/ -name '\''*.def'\'' -print | grep -v grib3/`'
+ /opt/local/bufr/build/bin/codes_parser /opt/local/bufr/build/share/eccodes/definitions/mars/grib.efhs.taem.def
+ for file in '`find ${ECCODES_DEFINITION_PATH}/ -name '\''*.def'\'' -print | grep -v grib3/`'
+ /opt/local/bufr/build/bin/codes_parser /opt/local/bufr/build/share/eccodes/definitions/mars/grib.mnfc.em.def
+ for file in '`find ${ECCODES_DEFINITION_PATH}/ -name '\''*.def'\'' -print | grep -v grib3/`'
+ /opt/local/bufr/build/bin/codes_parser /opt/local/bufr/build/share/eccodes/definitions/mars/grib.enfo.tu.def
+ for file in '`find ${ECCODES_DEFINITION_PATH}/ -name '\''*.def'\'' -print | grep -v grib3/`'
+ /opt/local/bufr/build/bin/codes_parser /opt/local/bufr/build/share/eccodes/definitions/mars/grib.enfo.icp.def
+ for file in '`find ${ECCODES_DEFINITION_PATH}/ -name '\''*.def'\'' -print | grep -v grib3/`'
+ /opt/local/bufr/build/bin/codes_parser /opt/local/bufr/build/share/eccodes/definitions/mars/grib.wfcl.cf.def
+ for file in '`find ${ECCODES_DEFINITION_PATH}/ -name '\''*.def'\'' -print | grep -v grib3/`'
+ /opt/local/bufr/build/bin/codes_parser /opt/local/bufr/build/share/eccodes/definitions/mars/grib.oper.4v.def
+ for file in '`find ${ECCODES_DEFINITION_PATH}/ -name '\''*.def'\'' -print | grep -v grib3/`'
+ /opt/local/bufr/build/bin/codes_parser /opt/local/bufr/build/share/eccodes/definitions/mars/grib.elda.4i.def
+ for file in '`find ${ECCODES_DEFINITION_PATH}/ -name '\''*.def'\'' -print | grep -v grib3/`'
+ /opt/local/bufr/build/bin/codes_parser /opt/local/bufr/build/share/eccodes/definitions/mars/grib.enfo.sot.def
+ for file in '`find ${ECCODES_DEFINITION_PATH}/ -name '\''*.def'\'' -print | grep -v grib3/`'
+ /opt/local/bufr/build/bin/codes_parser /opt/local/bufr/build/share/eccodes/definitions/mars/grib.wehs.ed.def
+ for file in '`find ${ECCODES_DEFINITION_PATH}/ -name '\''*.def'\'' -print | grep -v grib3/`'
+ /opt/local/bufr/build/bin/codes_parser /opt/local/bufr/build/share/eccodes/definitions/mars/grib.oper.ef.def
+ for file in '`find ${ECCODES_DEFINITION_PATH}/ -name '\''*.def'\'' -print | grep -v grib3/`'
+ /opt/local/bufr/build/bin/codes_parser /opt/local/bufr/build/share/eccodes/definitions/mars/grib.esmm.em.def
+ for file in '`find ${ECCODES_DEFINITION_PATH}/ -name '\''*.def'\'' -print | grep -v grib3/`'
+ /opt/local/bufr/build/bin/codes_parser /opt/local/bufr/build/share/eccodes/definitions/mars/grib.wmfm.fcmin.def
+ for file in '`find ${ECCODES_DEFINITION_PATH}/ -name '\''*.def'\'' -print | grep -v grib3/`'
+ /opt/local/bufr/build/bin/codes_parser /opt/local/bufr/build/share/eccodes/definitions/mars/grib.moda.cl.def
+ for file in '`find ${ECCODES_DEFINITION_PATH}/ -name '\''*.def'\'' -print | grep -v grib3/`'
+ /opt/local/bufr/build/bin/codes_parser /opt/local/bufr/build/share/eccodes/definitions/mars/grib.mfwm.fcstdev.def
+ for file in '`find ${ECCODES_DEFINITION_PATH}/ -name '\''*.def'\'' -print | grep -v grib3/`'
+ /opt/local/bufr/build/bin/codes_parser /opt/local/bufr/build/share/eccodes/definitions/mars/grib.mnfm.fcmean.def
+ for file in '`find ${ECCODES_DEFINITION_PATH}/ -name '\''*.def'\'' -print | grep -v grib3/`'
+ /opt/local/bufr/build/bin/codes_parser /opt/local/bufr/build/share/eccodes/definitions/mars/grib.oper.an.def
+ for file in '`find ${ECCODES_DEFINITION_PATH}/ -name '\''*.def'\'' -print | grep -v grib3/`'
+ /opt/local/bufr/build/bin/codes_parser /opt/local/bufr/build/share/eccodes/definitions/mars/grib.mnfm.em.def
+ for file in '`find ${ECCODES_DEFINITION_PATH}/ -name '\''*.def'\'' -print | grep -v grib3/`'
+ /opt/local/bufr/build/bin/codes_parser /opt/local/bufr/build/share/eccodes/definitions/mars/grib.enfo.fp.def
+ for file in '`find ${ECCODES_DEFINITION_PATH}/ -name '\''*.def'\'' -print | grep -v grib3/`'
+ /opt/local/bufr/build/bin/codes_parser /opt/local/bufr/build/share/eccodes/definitions/mars/grib.supd.an.def
+ for file in '`find ${ECCODES_DEFINITION_PATH}/ -name '\''*.def'\'' -print | grep -v grib3/`'
+ /opt/local/bufr/build/bin/codes_parser /opt/local/bufr/build/share/eccodes/definitions/mars/grib.enfo.es.def
+ for file in '`find ${ECCODES_DEFINITION_PATH}/ -name '\''*.def'\'' -print | grep -v grib3/`'
+ /opt/local/bufr/build/bin/codes_parser /opt/local/bufr/build/share/eccodes/definitions/mars/grib.mfhm.fcstdev.def
+ for file in '`find ${ECCODES_DEFINITION_PATH}/ -name '\''*.def'\'' -print | grep -v grib3/`'
+ /opt/local/bufr/build/bin/codes_parser /opt/local/bufr/build/share/eccodes/definitions/mars/grib.gfas.gsd.def
+ for file in '`find ${ECCODES_DEFINITION_PATH}/ -name '\''*.def'\'' -print | grep -v grib3/`'
+ /opt/local/bufr/build/bin/codes_parser /opt/local/bufr/build/share/eccodes/definitions/mars/grib.seas.of.def
+ for file in '`find ${ECCODES_DEFINITION_PATH}/ -name '\''*.def'\'' -print | grep -v grib3/`'
+ /opt/local/bufr/build/bin/codes_parser /opt/local/bufr/build/share/eccodes/definitions/mars/grib.enfo.fcmin.def
+ for file in '`find ${ECCODES_DEFINITION_PATH}/ -name '\''*.def'\'' -print | grep -v grib3/`'
+ /opt/local/bufr/build/bin/codes_parser /opt/local/bufr/build/share/eccodes/definitions/mars/grib.mnfw.cf.def
+ for file in '`find ${ECCODES_DEFINITION_PATH}/ -name '\''*.def'\'' -print | grep -v grib3/`'
+ /opt/local/bufr/build/bin/codes_parser /opt/local/bufr/build/share/eccodes/definitions/mars/grib.wave.fc.def
+ for file in '`find ${ECCODES_DEFINITION_PATH}/ -name '\''*.def'\'' -print | grep -v grib3/`'
+ /opt/local/bufr/build/bin/codes_parser /opt/local/bufr/build/share/eccodes/definitions/mars/grib.wamf.fc.def
+ for file in '`find ${ECCODES_DEFINITION_PATH}/ -name '\''*.def'\'' -print | grep -v grib3/`'
+ /opt/local/bufr/build/bin/codes_parser /opt/local/bufr/build/share/eccodes/definitions/mars/grib.enda.ef.def
+ for file in '`find ${ECCODES_DEFINITION_PATH}/ -name '\''*.def'\'' -print | grep -v grib3/`'
+ /opt/local/bufr/build/bin/codes_parser /opt/local/bufr/build/share/eccodes/definitions/mars/grib.enda.ssd.def
+ for file in '`find ${ECCODES_DEFINITION_PATH}/ -name '\''*.def'\'' -print | grep -v grib3/`'
+ /opt/local/bufr/build/bin/codes_parser /opt/local/bufr/build/share/eccodes/definitions/mars/grib.ocea.or.def
+ for file in '`find ${ECCODES_DEFINITION_PATH}/ -name '\''*.def'\'' -print | grep -v grib3/`'
+ /opt/local/bufr/build/bin/codes_parser /opt/local/bufr/build/share/eccodes/definitions/mars/grib.edmm.fc.def
+ for file in '`find ${ECCODES_DEFINITION_PATH}/ -name '\''*.def'\'' -print | grep -v grib3/`'
+ /opt/local/bufr/build/bin/codes_parser /opt/local/bufr/build/share/eccodes/definitions/mars/wave_domain.def
+ for file in '`find ${ECCODES_DEFINITION_PATH}/ -name '\''*.def'\'' -print | grep -v grib3/`'
+ /opt/local/bufr/build/bin/codes_parser /opt/local/bufr/build/share/eccodes/definitions/mars/grib.maed.an.def
+ for file in '`find ${ECCODES_DEFINITION_PATH}/ -name '\''*.def'\'' -print | grep -v grib3/`'
+ /opt/local/bufr/build/bin/codes_parser /opt/local/bufr/build/share/eccodes/definitions/mars/grib.enwh.pf.def
+ for file in '`find ${ECCODES_DEFINITION_PATH}/ -name '\''*.def'\'' -print | grep -v grib3/`'
+ /opt/local/bufr/build/bin/codes_parser /opt/local/bufr/build/share/eccodes/definitions/mars/grib.smma.fcmean.def
+ for file in '`find ${ECCODES_DEFINITION_PATH}/ -name '\''*.def'\'' -print | grep -v grib3/`'
+ /opt/local/bufr/build/bin/codes_parser /opt/local/bufr/build/share/eccodes/definitions/mars/grib.mmsf.icp.def
+ for file in '`find ${ECCODES_DEFINITION_PATH}/ -name '\''*.def'\'' -print | grep -v grib3/`'
+ /opt/local/bufr/build/bin/codes_parser /opt/local/bufr/build/share/eccodes/definitions/mars/grib.mnfm.fcmin.def
+ for file in '`find ${ECCODES_DEFINITION_PATH}/ -name '\''*.def'\'' -print | grep -v grib3/`'
+ /opt/local/bufr/build/bin/codes_parser /opt/local/bufr/build/share/eccodes/definitions/mars/grib.elda.ef.def
+ for file in '`find ${ECCODES_DEFINITION_PATH}/ -name '\''*.def'\'' -print | grep -v grib3/`'
+ /opt/local/bufr/build/bin/codes_parser /opt/local/bufr/build/share/eccodes/definitions/mars/grib.wmfm.fcstdev.def
+ for file in '`find ${ECCODES_DEFINITION_PATH}/ -name '\''*.def'\'' -print | grep -v grib3/`'
+ /opt/local/bufr/build/bin/codes_parser /opt/local/bufr/build/share/eccodes/definitions/mars/grib.seas.or.def
+ for file in '`find ${ECCODES_DEFINITION_PATH}/ -name '\''*.def'\'' -print | grep -v grib3/`'
+ /opt/local/bufr/build/bin/codes_parser /opt/local/bufr/build/share/eccodes/definitions/mars/grib.enfo.efi.def
+ for file in '`find ${ECCODES_DEFINITION_PATH}/ -name '\''*.def'\'' -print | grep -v grib3/`'
+ /opt/local/bufr/build/bin/codes_parser /opt/local/bufr/build/share/eccodes/definitions/mars/grib.mmaf.fc.def
+ for file in '`find ${ECCODES_DEFINITION_PATH}/ -name '\''*.def'\'' -print | grep -v grib3/`'
+ /opt/local/bufr/build/bin/codes_parser /opt/local/bufr/build/share/eccodes/definitions/mars/grib.waef.fcmean.def
+ for file in '`find ${ECCODES_DEFINITION_PATH}/ -name '\''*.def'\'' -print | grep -v grib3/`'
+ /opt/local/bufr/build/bin/codes_parser /opt/local/bufr/build/share/eccodes/definitions/mars/grib.ewmm.fc.def
+ for file in '`find ${ECCODES_DEFINITION_PATH}/ -name '\''*.def'\'' -print | grep -v grib3/`'
+ /opt/local/bufr/build/bin/codes_parser /opt/local/bufr/build/share/eccodes/definitions/mars/grib.efhc.icp.def
+ for file in '`find ${ECCODES_DEFINITION_PATH}/ -name '\''*.def'\'' -print | grep -v grib3/`'
+ /opt/local/bufr/build/bin/codes_parser /opt/local/bufr/build/share/eccodes/definitions/mars/grib.scda.ssd.def
+ for file in '`find ${ECCODES_DEFINITION_PATH}/ -name '\''*.def'\'' -print | grep -v grib3/`'
+ /opt/local/bufr/build/bin/codes_parser /opt/local/bufr/build/share/eccodes/definitions/mars/grib.enfh.tims.def
+ for file in '`find ${ECCODES_DEFINITION_PATH}/ -name '\''*.def'\'' -print | grep -v grib3/`'
+ /opt/local/bufr/build/bin/codes_parser /opt/local/bufr/build/share/eccodes/definitions/mars/grib.enfo.fcmean.def
+ for file in '`find ${ECCODES_DEFINITION_PATH}/ -name '\''*.def'\'' -print | grep -v grib3/`'
+ /opt/local/bufr/build/bin/codes_parser /opt/local/bufr/build/share/eccodes/definitions/mars/grib.sfmm.fcmin.def
+ for file in '`find ${ECCODES_DEFINITION_PATH}/ -name '\''*.def'\'' -print | grep -v grib3/`'
+ /opt/local/bufr/build/bin/codes_parser /opt/local/bufr/build/share/eccodes/definitions/mars/grib.enfh.fcmin.def
+ for file in '`find ${ECCODES_DEFINITION_PATH}/ -name '\''*.def'\'' -print | grep -v grib3/`'
+ /opt/local/bufr/build/bin/codes_parser /opt/local/bufr/build/share/eccodes/definitions/mars/grib.efho.cf.def
+ for file in '`find ${ECCODES_DEFINITION_PATH}/ -name '\''*.def'\'' -print | grep -v grib3/`'
+ /opt/local/bufr/build/bin/codes_parser /opt/local/bufr/build/share/eccodes/definitions/mars/grib.mfam.pb.def
+ for file in '`find ${ECCODES_DEFINITION_PATH}/ -name '\''*.def'\'' -print | grep -v grib3/`'
+ /opt/local/bufr/build/bin/codes_parser /opt/local/bufr/build/share/eccodes/definitions/mars/grib.efcl.cf.def
+ for file in '`find ${ECCODES_DEFINITION_PATH}/ -name '\''*.def'\'' -print | grep -v grib3/`'
+ /opt/local/bufr/build/bin/codes_parser /opt/local/bufr/build/share/eccodes/definitions/mars/grib.dacl.pb.def
+ for file in '`find ${ECCODES_DEFINITION_PATH}/ -name '\''*.def'\'' -print | grep -v grib3/`'
+ /opt/local/bufr/build/bin/codes_parser /opt/local/bufr/build/share/eccodes/definitions/mars/grib.enda.an.def
+ for file in '`find ${ECCODES_DEFINITION_PATH}/ -name '\''*.def'\'' -print | grep -v grib3/`'
+ /opt/local/bufr/build/bin/codes_parser /opt/local/bufr/build/share/eccodes/definitions/mars/grib.mnfh.cf.def
+ for file in '`find ${ECCODES_DEFINITION_PATH}/ -name '\''*.def'\'' -print | grep -v grib3/`'
+ /opt/local/bufr/build/bin/codes_parser /opt/local/bufr/build/share/eccodes/definitions/mars/grib.wamo.fc.def
+ for file in '`find ${ECCODES_DEFINITION_PATH}/ -name '\''*.def'\'' -print | grep -v grib3/`'
+ /opt/local/bufr/build/bin/codes_parser /opt/local/bufr/build/share/eccodes/definitions/mars/grib.wmfm.fcmean.def
+ for file in '`find ${ECCODES_DEFINITION_PATH}/ -name '\''*.def'\'' -print | grep -v grib3/`'
+ /opt/local/bufr/build/bin/codes_parser /opt/local/bufr/build/share/eccodes/definitions/mars/grib.mfam.fp.def
+ for file in '`find ${ECCODES_DEFINITION_PATH}/ -name '\''*.def'\'' -print | grep -v grib3/`'
+ /opt/local/bufr/build/bin/codes_parser /opt/local/bufr/build/share/eccodes/definitions/mars/grib.moda.ssd.def
+ for file in '`find ${ECCODES_DEFINITION_PATH}/ -name '\''*.def'\'' -print | grep -v grib3/`'
+ /opt/local/bufr/build/bin/codes_parser /opt/local/bufr/build/share/eccodes/definitions/mars/grib.seas.fc.def
+ for file in '`find ${ECCODES_DEFINITION_PATH}/ -name '\''*.def'\'' -print | grep -v grib3/`'
+ /opt/local/bufr/build/bin/codes_parser /opt/local/bufr/build/share/eccodes/definitions/mars/grib.espd.an.def
+ for file in '`find ${ECCODES_DEFINITION_PATH}/ -name '\''*.def'\'' -print | grep -v grib3/`'
+ /opt/local/bufr/build/bin/codes_parser /opt/local/bufr/build/share/eccodes/definitions/mars/grib.mnfc.icp.def
+ for file in '`find ${ECCODES_DEFINITION_PATH}/ -name '\''*.def'\'' -print | grep -v grib3/`'
+ /opt/local/bufr/build/bin/codes_parser /opt/local/bufr/build/share/eccodes/definitions/mars/grib.moda.4v.def
+ for file in '`find ${ECCODES_DEFINITION_PATH}/ -name '\''*.def'\'' -print | grep -v grib3/`'
+ /opt/local/bufr/build/bin/codes_parser /opt/local/bufr/build/share/eccodes/definitions/mars/grib.ewmm.an.def
+ for file in '`find ${ECCODES_DEFINITION_PATH}/ -name '\''*.def'\'' -print | grep -v grib3/`'
+ /opt/local/bufr/build/bin/codes_parser /opt/local/bufr/build/share/eccodes/definitions/mars/grib.msdc.an.def
+ for file in '`find ${ECCODES_DEFINITION_PATH}/ -name '\''*.def'\'' -print | grep -v grib3/`'
+ /opt/local/bufr/build/bin/codes_parser /opt/local/bufr/build/share/eccodes/definitions/mars/grib.oper.fa.def
+ for file in '`find ${ECCODES_DEFINITION_PATH}/ -name '\''*.def'\'' -print | grep -v grib3/`'
+ /opt/local/bufr/build/bin/codes_parser /opt/local/bufr/build/share/eccodes/definitions/mars/grib.enfo.cv.def
+ for file in '`find ${ECCODES_DEFINITION_PATH}/ -name '\''*.def'\'' -print | grep -v grib3/`'
+ /opt/local/bufr/build/bin/codes_parser /opt/local/bufr/build/share/eccodes/definitions/mars/grib.ewda.def
+ for file in '`find ${ECCODES_DEFINITION_PATH}/ -name '\''*.def'\'' -print | grep -v grib3/`'
+ /opt/local/bufr/build/bin/codes_parser /opt/local/bufr/build/share/eccodes/definitions/mars/grib.mfhw.cf.def
+ for file in '`find ${ECCODES_DEFINITION_PATH}/ -name '\''*.def'\'' -print | grep -v grib3/`'
+ /opt/local/bufr/build/bin/codes_parser /opt/local/bufr/build/share/eccodes/definitions/mars/grib.msmm.fcstdev.def
+ for file in '`find ${ECCODES_DEFINITION_PATH}/ -name '\''*.def'\'' -print | grep -v grib3/`'
+ /opt/local/bufr/build/bin/codes_parser /opt/local/bufr/build/share/eccodes/definitions/mars/grib.mnfc.ff.def
+ for file in '`find ${ECCODES_DEFINITION_PATH}/ -name '\''*.def'\'' -print | grep -v grib3/`'
+ /opt/local/bufr/build/bin/codes_parser /opt/local/bufr/build/share/eccodes/definitions/mars/grib.lwda.ea.def
+ for file in '`find ${ECCODES_DEFINITION_PATH}/ -name '\''*.def'\'' -print | grep -v grib3/`'
+ /opt/local/bufr/build/bin/codes_parser /opt/local/bufr/build/share/eccodes/definitions/mars/grib.efov.pf.def
+ for file in '`find ${ECCODES_DEFINITION_PATH}/ -name '\''*.def'\'' -print | grep -v grib3/`'
+ /opt/local/bufr/build/bin/codes_parser /opt/local/bufr/build/share/eccodes/definitions/mars/grib.enda.def
+ for file in '`find ${ECCODES_DEFINITION_PATH}/ -name '\''*.def'\'' -print | grep -v grib3/`'
+ /opt/local/bufr/build/bin/codes_parser /opt/local/bufr/build/share/eccodes/definitions/mars/grib.smma.em.def
+ for file in '`find ${ECCODES_DEFINITION_PATH}/ -name '\''*.def'\'' -print | grep -v grib3/`'
+ /opt/local/bufr/build/bin/codes_parser /opt/local/bufr/build/share/eccodes/definitions/mars/grib.lwwv.fc.def
+ for file in '`find ${ECCODES_DEFINITION_PATH}/ -name '\''*.def'\'' -print | grep -v grib3/`'
+ /opt/local/bufr/build/bin/codes_parser /opt/local/bufr/build/share/eccodes/definitions/mars/grib.mfwm.fcmean.def
+ for file in '`find ${ECCODES_DEFINITION_PATH}/ -name '\''*.def'\'' -print | grep -v grib3/`'
+ /opt/local/bufr/build/bin/codes_parser /opt/local/bufr/build/share/eccodes/definitions/mars/grib.wasf.fc.def
+ for file in '`find ${ECCODES_DEFINITION_PATH}/ -name '\''*.def'\'' -print | grep -v grib3/`'
+ /opt/local/bufr/build/bin/codes_parser /opt/local/bufr/build/share/eccodes/definitions/mars/grib.efas.fu.def
+ for file in '`find ${ECCODES_DEFINITION_PATH}/ -name '\''*.def'\'' -print | grep -v grib3/`'
+ /opt/local/bufr/build/bin/codes_parser /opt/local/bufr/build/share/eccodes/definitions/mars/grib.mfhm.fcmax.def
+ for file in '`find ${ECCODES_DEFINITION_PATH}/ -name '\''*.def'\'' -print | grep -v grib3/`'
+ /opt/local/bufr/build/bin/codes_parser /opt/local/bufr/build/share/eccodes/definitions/mars/grib.dcda.sim.def
+ for file in '`find ${ECCODES_DEFINITION_PATH}/ -name '\''*.def'\'' -print | grep -v grib3/`'
+ /opt/local/bufr/build/bin/codes_parser /opt/local/bufr/build/share/eccodes/definitions/mars/grib.enfo.sv.def
+ for file in '`find ${ECCODES_DEFINITION_PATH}/ -name '\''*.def'\'' -print | grep -v grib3/`'
+ /opt/local/bufr/build/bin/codes_parser /opt/local/bufr/build/share/eccodes/definitions/mars/grib.ewho.pf.def
+ for file in '`find ${ECCODES_DEFINITION_PATH}/ -name '\''*.def'\'' -print | grep -v grib3/`'
+ /opt/local/bufr/build/bin/codes_parser /opt/local/bufr/build/share/eccodes/definitions/mars/grib.enfo.pb.def
+ for file in '`find ${ECCODES_DEFINITION_PATH}/ -name '\''*.def'\'' -print | grep -v grib3/`'
+ /opt/local/bufr/build/bin/codes_parser /opt/local/bufr/build/share/eccodes/definitions/mars/grib.mfhw.fc.def
+ for file in '`find ${ECCODES_DEFINITION_PATH}/ -name '\''*.def'\'' -print | grep -v grib3/`'
+ /opt/local/bufr/build/bin/codes_parser /opt/local/bufr/build/share/eccodes/definitions/mars/grib.mmsa.em.def
+ for file in '`find ${ECCODES_DEFINITION_PATH}/ -name '\''*.def'\'' -print | grep -v grib3/`'
+ /opt/local/bufr/build/bin/codes_parser /opt/local/bufr/build/share/eccodes/definitions/mars/grib.wfas.fc.def
+ for file in '`find ${ECCODES_DEFINITION_PATH}/ -name '\''*.def'\'' -print | grep -v grib3/`'
+ /opt/local/bufr/build/bin/codes_parser /opt/local/bufr/build/share/eccodes/definitions/mars/grib.mfhm.em.def
+ for file in '`find ${ECCODES_DEFINITION_PATH}/ -name '\''*.def'\'' -print | grep -v grib3/`'
+ /opt/local/bufr/build/bin/codes_parser /opt/local/bufr/build/share/eccodes/definitions/mars/grib.seap.sv.def
+ for file in '`find ${ECCODES_DEFINITION_PATH}/ -name '\''*.def'\'' -print | grep -v grib3/`'
+ /opt/local/bufr/build/bin/codes_parser /opt/local/bufr/build/share/eccodes/definitions/mars/grib.sfmm.fcstdev.def
+ for file in '`find ${ECCODES_DEFINITION_PATH}/ -name '\''*.def'\'' -print | grep -v grib3/`'
+ /opt/local/bufr/build/bin/codes_parser /opt/local/bufr/build/share/eccodes/definitions/mars/grib.mhwm.fcstdev.def
+ for file in '`find ${ECCODES_DEFINITION_PATH}/ -name '\''*.def'\'' -print | grep -v grib3/`'
+ /opt/local/bufr/build/bin/codes_parser /opt/local/bufr/build/share/eccodes/definitions/mars/grib.mnth.an.def
+ for file in '`find ${ECCODES_DEFINITION_PATH}/ -name '\''*.def'\'' -print | grep -v grib3/`'
+ /opt/local/bufr/build/bin/codes_parser /opt/local/bufr/build/share/eccodes/definitions/mars/grib.mnfh.icp.def
+ for file in '`find ${ECCODES_DEFINITION_PATH}/ -name '\''*.def'\'' -print | grep -v grib3/`'
+ /opt/local/bufr/build/bin/codes_parser /opt/local/bufr/build/share/eccodes/definitions/mars/grib.enfh.fcstdev.def
+ for file in '`find ${ECCODES_DEFINITION_PATH}/ -name '\''*.def'\'' -print | grep -v grib3/`'
+ /opt/local/bufr/build/bin/codes_parser /opt/local/bufr/build/share/eccodes/definitions/mars/grib.edmm.an.def
+ for file in '`find ${ECCODES_DEFINITION_PATH}/ -name '\''*.def'\'' -print | grep -v grib3/`'
+ /opt/local/bufr/build/bin/codes_parser /opt/local/bufr/build/share/eccodes/definitions/mars/grib.elda.ses.def
+ for file in '`find ${ECCODES_DEFINITION_PATH}/ -name '\''*.def'\'' -print | grep -v grib3/`'
+ /opt/local/bufr/build/bin/codes_parser /opt/local/bufr/build/share/eccodes/definitions/mars/grib.mfhm.fcmin.def
+ for file in '`find ${ECCODES_DEFINITION_PATH}/ -name '\''*.def'\'' -print | grep -v grib3/`'
+ /opt/local/bufr/build/bin/codes_parser /opt/local/bufr/build/share/eccodes/definitions/mars/grib.oper.si.def
+ for file in '`find ${ECCODES_DEFINITION_PATH}/ -name '\''*.def'\'' -print | grep -v grib3/`'
+ /opt/local/bufr/build/bin/codes_parser /opt/local/bufr/build/share/eccodes/definitions/mars/grib.oper.im.def
+ for file in '`find ${ECCODES_DEFINITION_PATH}/ -name '\''*.def'\'' -print | grep -v grib3/`'
+ /opt/local/bufr/build/bin/codes_parser /opt/local/bufr/build/share/eccodes/definitions/mars/grib.enfo.fc.def
+ for file in '`find ${ECCODES_DEFINITION_PATH}/ -name '\''*.def'\'' -print | grep -v grib3/`'
+ /opt/local/bufr/build/bin/codes_parser /opt/local/bufr/build/share/eccodes/definitions/mars/grib.enda.em.def
+ for file in '`find ${ECCODES_DEFINITION_PATH}/ -name '\''*.def'\'' -print | grep -v grib3/`'
+ /opt/local/bufr/build/bin/codes_parser /opt/local/bufr/build/share/eccodes/definitions/mars/grib.enda.ea.def
+ for file in '`find ${ECCODES_DEFINITION_PATH}/ -name '\''*.def'\'' -print | grep -v grib3/`'
+ /opt/local/bufr/build/bin/codes_parser /opt/local/bufr/build/share/eccodes/definitions/mars/grib.seap.es.def
+ for file in '`find ${ECCODES_DEFINITION_PATH}/ -name '\''*.def'\'' -print | grep -v grib3/`'
+ /opt/local/bufr/build/bin/codes_parser /opt/local/bufr/build/share/eccodes/definitions/mars/grib.enda.fc.def
+ for file in '`find ${ECCODES_DEFINITION_PATH}/ -name '\''*.def'\'' -print | grep -v grib3/`'
+ /opt/local/bufr/build/bin/codes_parser /opt/local/bufr/build/share/eccodes/definitions/mars/grib.mofc.ff.def
+ for file in '`find ${ECCODES_DEFINITION_PATH}/ -name '\''*.def'\'' -print | grep -v grib3/`'
+ /opt/local/bufr/build/bin/codes_parser /opt/local/bufr/build/share/eccodes/definitions/mars/grib.ewmo.an.def
+ for file in '`find ${ECCODES_DEFINITION_PATH}/ -name '\''*.def'\'' -print | grep -v grib3/`'
+ /opt/local/bufr/build/bin/codes_parser /opt/local/bufr/build/share/eccodes/definitions/mars/grib.efhc.cf.def
+ for file in '`find ${ECCODES_DEFINITION_PATH}/ -name '\''*.def'\'' -print | grep -v grib3/`'
+ /opt/local/bufr/build/bin/codes_parser /opt/local/bufr/build/share/eccodes/definitions/mars/grib.enfo.cr.def
+ for file in '`find ${ECCODES_DEFINITION_PATH}/ -name '\''*.def'\'' -print | grep -v grib3/`'
+ /opt/local/bufr/build/bin/codes_parser /opt/local/bufr/build/share/eccodes/definitions/mars/grib.enfo.ci.def
+ for file in '`find ${ECCODES_DEFINITION_PATH}/ -name '\''*.def'\'' -print | grep -v grib3/`'
+ /opt/local/bufr/build/bin/codes_parser /opt/local/bufr/build/share/eccodes/definitions/mars/grib.oper.oi.def
+ for file in '`find ${ECCODES_DEFINITION_PATH}/ -name '\''*.def'\'' -print | grep -v grib3/`'
+ /opt/local/bufr/build/bin/codes_parser /opt/local/bufr/build/share/eccodes/definitions/metar/missing_field.def
+ for file in '`find ${ECCODES_DEFINITION_PATH}/ -name '\''*.def'\'' -print | grep -v grib3/`'
+ /opt/local/bufr/build/bin/codes_parser /opt/local/bufr/build/share/eccodes/definitions/metar/present_weather_Trend3.def
+ for file in '`find ${ECCODES_DEFINITION_PATH}/ -name '\''*.def'\'' -print | grep -v grib3/`'
+ /opt/local/bufr/build/bin/codes_parser /opt/local/bufr/build/share/eccodes/definitions/metar/horizontalVisibility_Trend3.def
+ for file in '`find ${ECCODES_DEFINITION_PATH}/ -name '\''*.def'\'' -print | grep -v grib3/`'
+ /opt/local/bufr/build/bin/codes_parser /opt/local/bufr/build/share/eccodes/definitions/metar/horizontalVisibility.def
+ for file in '`find ${ECCODES_DEFINITION_PATH}/ -name '\''*.def'\'' -print | grep -v grib3/`'
+ /opt/local/bufr/build/bin/codes_parser /opt/local/bufr/build/share/eccodes/definitions/metar/clouds_Trend1.def
+ for file in '`find ${ECCODES_DEFINITION_PATH}/ -name '\''*.def'\'' -print | grep -v grib3/`'
+ /opt/local/bufr/build/bin/codes_parser /opt/local/bufr/build/share/eccodes/definitions/metar/rvr2.def
+ for file in '`find ${ECCODES_DEFINITION_PATH}/ -name '\''*.def'\'' -print | grep -v grib3/`'
+ /opt/local/bufr/build/bin/codes_parser /opt/local/bufr/build/share/eccodes/definitions/metar/wrong_delayed.def
+ for file in '`find ${ECCODES_DEFINITION_PATH}/ -name '\''*.def'\'' -print | grep -v grib3/`'
+ /opt/local/bufr/build/bin/codes_parser /opt/local/bufr/build/share/eccodes/definitions/metar/temperature.def
+ for file in '`find ${ECCODES_DEFINITION_PATH}/ -name '\''*.def'\'' -print | grep -v grib3/`'
+ /opt/local/bufr/build/bin/codes_parser /opt/local/bufr/build/share/eccodes/definitions/metar/trend2.def
+ for file in '`find ${ECCODES_DEFINITION_PATH}/ -name '\''*.def'\'' -print | grep -v grib3/`'
+ /opt/local/bufr/build/bin/codes_parser /opt/local/bufr/build/share/eccodes/definitions/metar/colour.def
+ for file in '`find ${ECCODES_DEFINITION_PATH}/ -name '\''*.def'\'' -print | grep -v grib3/`'
+ /opt/local/bufr/build/bin/codes_parser /opt/local/bufr/build/share/eccodes/definitions/metar/rvr1.def
+ for file in '`find ${ECCODES_DEFINITION_PATH}/ -name '\''*.def'\'' -print | grep -v grib3/`'
+ /opt/local/bufr/build/bin/codes_parser /opt/local/bufr/build/share/eccodes/definitions/metar/runwayState3.def
+ for file in '`find ${ECCODES_DEFINITION_PATH}/ -name '\''*.def'\'' -print | grep -v grib3/`'
+ /opt/local/bufr/build/bin/codes_parser /opt/local/bufr/build/share/eccodes/definitions/metar/clouds_Trend4.def
+ for file in '`find ${ECCODES_DEFINITION_PATH}/ -name '\''*.def'\'' -print | grep -v grib3/`'
+ /opt/local/bufr/build/bin/codes_parser /opt/local/bufr/build/share/eccodes/definitions/metar/runwayState4.def
+ for file in '`find ${ECCODES_DEFINITION_PATH}/ -name '\''*.def'\'' -print | grep -v grib3/`'
+ /opt/local/bufr/build/bin/codes_parser /opt/local/bufr/build/share/eccodes/definitions/metar/present_weather_Trend4.def
+ for file in '`find ${ECCODES_DEFINITION_PATH}/ -name '\''*.def'\'' -print | grep -v grib3/`'
+ /opt/local/bufr/build/bin/codes_parser /opt/local/bufr/build/share/eccodes/definitions/metar/rvr3.def
+ for file in '`find ${ECCODES_DEFINITION_PATH}/ -name '\''*.def'\'' -print | grep -v grib3/`'
+ /opt/local/bufr/build/bin/codes_parser /opt/local/bufr/build/share/eccodes/definitions/metar/horizontalVisibility_Trend1.def
+ for file in '`find ${ECCODES_DEFINITION_PATH}/ -name '\''*.def'\'' -print | grep -v grib3/`'
+ /opt/local/bufr/build/bin/codes_parser /opt/local/bufr/build/share/eccodes/definitions/metar/runwayState2.def
+ for file in '`find ${ECCODES_DEFINITION_PATH}/ -name '\''*.def'\'' -print | grep -v grib3/`'
+ /opt/local/bufr/build/bin/codes_parser /opt/local/bufr/build/share/eccodes/definitions/metar/wind_Trend4.def
+ for file in '`find ${ECCODES_DEFINITION_PATH}/ -name '\''*.def'\'' -print | grep -v grib3/`'
+ /opt/local/bufr/build/bin/codes_parser /opt/local/bufr/build/share/eccodes/definitions/metar/wind_shear.def
+ for file in '`find ${ECCODES_DEFINITION_PATH}/ -name '\''*.def'\'' -print | grep -v grib3/`'
+ /opt/local/bufr/build/bin/codes_parser /opt/local/bufr/build/share/eccodes/definitions/metar/runwayState1.def
+ for file in '`find ${ECCODES_DEFINITION_PATH}/ -name '\''*.def'\'' -print | grep -v grib3/`'
+ /opt/local/bufr/build/bin/codes_parser /opt/local/bufr/build/share/eccodes/definitions/metar/trend3.def
+ for file in '`find ${ECCODES_DEFINITION_PATH}/ -name '\''*.def'\'' -print | grep -v grib3/`'
+ /opt/local/bufr/build/bin/codes_parser /opt/local/bufr/build/share/eccodes/definitions/metar/qnh.def
+ for file in '`find ${ECCODES_DEFINITION_PATH}/ -name '\''*.def'\'' -print | grep -v grib3/`'
+ /opt/local/bufr/build/bin/codes_parser /opt/local/bufr/build/share/eccodes/definitions/metar/present_weather_Trend2.def
+ for file in '`find ${ECCODES_DEFINITION_PATH}/ -name '\''*.def'\'' -print | grep -v grib3/`'
+ /opt/local/bufr/build/bin/codes_parser /opt/local/bufr/build/share/eccodes/definitions/metar/wind_Trend3.def
+ for file in '`find ${ECCODES_DEFINITION_PATH}/ -name '\''*.def'\'' -print | grep -v grib3/`'
[...]
+ GAUSS_GRID_FILE=/opt/local/bufr/eccodes-2.16.0-Source/samples/reduced_gg_pl_640_grib2.tmpl
+ OUTPUT=temp.sections.grib
+ /opt/local/bufr/build/examples/C/c_grib_sections_copy /opt/local/bufr/eccodes-2.16.0-Source/samples/regular_ll_sfc_grib2.tmpl /opt/local/bufr/eccodes-2.16.0-Source/samples/reduced_gg_pl_640_grib2.tmpl g temp.sections.grib
++ /opt/local/bufr/build/bin/grib_get -p gridType,date temp.sections.grib
+ grid_tmpl='regular_ll 20100912'
+ '[' 'regular_ll 20100912' = 'regular_ll 20100912' ']'
+ /opt/local/bufr/build/examples/C/c_grib_sections_copy /opt/local/bufr/eccodes-2.16.0-Source/samples/reduced_gg_pl_640_grib2.tmpl /opt/local/bufr/eccodes-2.16.0-Source/samples/regular_ll_sfc_grib2.tmpl g temp.sections.grib
++ /opt/local/bufr/build/bin/grib_get -p gridType,date temp.sections.grib
+ grid_tmpl='reduced_gg 20070323'
+ '[' 'reduced_gg 20070323' = 'reduced_gg 20070323' ']'
+ /opt/local/bufr/build/examples/C/c_grib_sections_copy /opt/local/bufr/eccodes-2.16.0-Source/samples/regular_ll_sfc_grib2.tmpl /opt/local/bufr/eccodes-2.16.0-Source/samples/reduced_gg_pl_640_grib2.tmpl gp temp.sections.grib
++ /opt/local/bufr/build/bin/grib_get -p gridType,date temp.sections.grib
+ grid_tmpl='regular_ll 20070323'
+ '[' 'regular_ll 20070323' = 'regular_ll 20070323' ']'
+ /opt/local/bufr/build/examples/C/c_grib_sections_copy /opt/local/bufr/eccodes-2.16.0-Source/samples/regular_ll_sfc_grib2.tmpl /opt/local/bufr/eccodes-2.16.0-Source/samples/reduced_gg_pl_640_grib2.tmpl p,l,g,d,b temp.sections.grib
+ /opt/local/bufr/build/bin/grib_compare /opt/local/bufr/eccodes-2.16.0-Source/samples/regular_ll_sfc_grib2.tmpl temp.sections.grib
+ rm -f temp.sections.grib
<end of output>
Test time =   0.55 sec
----------------------------------------------------------
Test Passed.
"eccodes_c_grib_sections_copy" end time: Feb 12 12:57 MST
"eccodes_c_grib_sections_copy" time elapsed: 00:00:00
----------------------------------------------------------

22/30 Testing: eccodes_c_get_product_kind_samples
22/30 Test: eccodes_c_get_product_kind_samples
Command: "/opt/local/bufr/eccodes-2.16.0-Source/examples/C/get_product_kind_samples.sh"
Directory: /opt/local/bufr/build/examples/C
"eccodes_c_get_product_kind_samples" start time: Feb 12 12:57 MST
Output:
----------------------------------------------------------
+++ proj_dir=/opt/local/bufr/eccodes-2.16.0-Source
+++ data_dir=/opt/local/bufr/build/data
+++ def_dir=/opt/local/bufr/build/share/eccodes/definitions
+++ ECCODES_DEFINITION_PATH=/opt/local/bufr/build/share/eccodes/definitions
+++ export ECCODES_DEFINITION_PATH
+++ tools_dir=/opt/local/bufr/build/bin
+++ examples_dir=/opt/local/bufr/build/examples/C
+++ test x '!=' x
+++ samp_dir=/opt/local/bufr/build/share/eccodes/samples
+++ ECCODES_SAMPLES_PATH=/opt/local/bufr/build/share/eccodes/samples
+++ export ECCODES_SAMPLES_PATH
+++ ECCODES_ON_WINDOWS=0
+ label=get_product_kind_samples_c
+ fTmp=get_product_kind_samples_c.tmp
+ sample_grib1=/opt/local/bufr/build/share/eccodes/samples/GRIB1.tmpl
+ /opt/local/bufr/build/examples/C/c_get_product_kind /opt/local/bufr/build/share/eccodes/samples/GRIB1.tmpl
+ grep -q 'product: GRIB' get_product_kind_samples_c.tmp
+ sample_bufr4=/opt/local/bufr/build/share/eccodes/samples/BUFR4.tmpl
+ /opt/local/bufr/build/examples/C/c_get_product_kind /opt/local/bufr/build/share/eccodes/samples/BUFR4.tmpl
+ grep -q 'product: BUFR' get_product_kind_samples_c.tmp
+ rm -f get_product_kind_samples_c.tmp
<end of output>
Test time =   0.08 sec
----------------------------------------------------------
Test Passed.
"eccodes_c_get_product_kind_samples" end time: Feb 12 12:57 MST
"eccodes_c_get_product_kind_samples" time elapsed: 00:00:00
----------------------------------------------------------

23/30 Testing: eccodes_c_new_sample
23/30 Test: eccodes_c_new_sample
Command: "/opt/local/bufr/build/examples/C/eccodes_c_new_sample" "out.grib"
Directory: /opt/local/bufr/build/examples/C
"eccodes_c_new_sample" start time: Feb 12 12:57 MST
Output:
----------------------------------------------------------
<end of output>
Test time =   0.07 sec
----------------------------------------------------------
Test Passed.
"eccodes_c_new_sample" end time: Feb 12 12:57 MST
"eccodes_c_new_sample" time elapsed: 00:00:00
----------------------------------------------------------

24/30 Testing: eccodes_f_grib_set_pv
24/30 Test: eccodes_f_grib_set_pv
Command: "/opt/local/bufr/eccodes-2.16.0-Source/examples/F90/grib_set_pv.sh"
Directory: /opt/local/bufr/build/examples/F90
"eccodes_f_grib_set_pv" start time: Feb 12 12:57 MST
Output:
----------------------------------------------------------
+++ proj_dir=/opt/local/bufr/eccodes-2.16.0-Source
+++ data_dir=/opt/local/bufr/build/data
+++ def_dir=/opt/local/bufr/build/share/eccodes/definitions
+++ ECCODES_DEFINITION_PATH=/opt/local/bufr/build/share/eccodes/definitions
+++ export ECCODES_DEFINITION_PATH
+++ tools_dir=/opt/local/bufr/build/bin
+++ examples_dir=/opt/local/bufr/build/examples/F90
+++ test x '!=' x
+++ samp_dir=/opt/local/bufr/build/share/eccodes/samples
+++ ECCODES_SAMPLES_PATH=/opt/local/bufr/build/share/eccodes/samples
+++ export ECCODES_SAMPLES_PATH
+ /opt/local/bufr/build/examples/F90/eccodes_f_grib_set_pv
+ rm -f out.pv.grib1
<end of output>
Test time =   0.06 sec
----------------------------------------------------------
Test Passed.
"eccodes_f_grib_set_pv" end time: Feb 12 12:57 MST
"eccodes_f_grib_set_pv" time elapsed: 00:00:00
----------------------------------------------------------

25/30 Testing: eccodes_f_grib_set_data
25/30 Test: eccodes_f_grib_set_data
Command: "/opt/local/bufr/eccodes-2.16.0-Source/examples/F90/grib_set_data.sh"
Directory: /opt/local/bufr/build/examples/F90
"eccodes_f_grib_set_data" start time: Feb 12 12:57 MST
Output:
----------------------------------------------------------
+++ proj_dir=/opt/local/bufr/eccodes-2.16.0-Source
+++ data_dir=/opt/local/bufr/build/data
+++ def_dir=/opt/local/bufr/build/share/eccodes/definitions
+++ ECCODES_DEFINITION_PATH=/opt/local/bufr/build/share/eccodes/definitions
+++ export ECCODES_DEFINITION_PATH
+++ tools_dir=/opt/local/bufr/build/bin
+++ examples_dir=/opt/local/bufr/build/examples/F90
+++ test x '!=' x
+++ samp_dir=/opt/local/bufr/build/share/eccodes/samples
+++ ECCODES_SAMPLES_PATH=/opt/local/bufr/build/share/eccodes/samples
+++ export ECCODES_SAMPLES_PATH
+ OUT=temp.f_grib_set_data.out.grib
+ /opt/local/bufr/build/examples/F90/eccodes_f_grib_set_data temp.f_grib_set_data.out.grib
+ rm -f temp.f_grib_set_data.out.grib
<end of output>
Test time =   0.06 sec
----------------------------------------------------------
Test Passed.
"eccodes_f_grib_set_data" end time: Feb 12 12:57 MST
"eccodes_f_grib_set_data" time elapsed: 00:00:00
----------------------------------------------------------

26/30 Testing: eccodes_f_grib_ecc-671
26/30 Test: eccodes_f_grib_ecc-671
Command: "/opt/local/bufr/eccodes-2.16.0-Source/examples/F90/grib_ecc-671.sh"
Directory: /opt/local/bufr/build/examples/F90
"eccodes_f_grib_ecc-671" start time: Feb 12 12:57 MST
Output:
----------------------------------------------------------
+++ proj_dir=/opt/local/bufr/eccodes-2.16.0-Source
+++ data_dir=/opt/local/bufr/build/data
+++ def_dir=/opt/local/bufr/build/share/eccodes/definitions
+++ ECCODES_DEFINITION_PATH=/opt/local/bufr/build/share/eccodes/definitions
+++ export ECCODES_DEFINITION_PATH
+++ tools_dir=/opt/local/bufr/build/bin
+++ examples_dir=/opt/local/bufr/build/examples/F90
+++ test x '!=' x
+++ samp_dir=/opt/local/bufr/build/share/eccodes/samples
+++ ECCODES_SAMPLES_PATH=/opt/local/bufr/build/share/eccodes/samples
+++ export ECCODES_SAMPLES_PATH
+ exec /opt/local/bufr/build/examples/F90/eccodes_f_grib_ecc-671
  CLNOMA1 = SUNSHI. DURATION 
  CLNOMA2 = SUNSHI. DURATION 
<end of output>
Test time =   0.05 sec
----------------------------------------------------------
Test Passed.
"eccodes_f_grib_ecc-671" end time: Feb 12 12:57 MST
"eccodes_f_grib_ecc-671" time elapsed: 00:00:00
----------------------------------------------------------

27/30 Testing: eccodes_p_grib_set_pv_test
27/30 Test: eccodes_p_grib_set_pv_test
Command: "/opt/local/bufr/eccodes-2.16.0-Source/examples/python/grib_set_pv.sh"
Directory: /opt/local/bufr/build/examples/python
"eccodes_p_grib_set_pv_test" start time: Feb 12 12:57 MST
Output:
----------------------------------------------------------
+++ data_dir=/opt/local/bufr/build/data
+++ def_dir=/opt/local/bufr/build/share/eccodes/definitions
+++ ECCODES_DEFINITION_PATH=/opt/local/bufr/build/share/eccodes/definitions
+++ export ECCODES_DEFINITION_PATH
+++ tools_dir=/opt/local/bufr/build/bin
+++ examples_dir=/opt/local/bufr/build/examples/python
+++ examples_src=/opt/local/bufr/eccodes-2.16.0-Source/examples/python
+++ samp_dir=/opt/local/bufr/build/share/eccodes/samples
+++ ECCODES_SAMPLES_PATH=/opt/local/bufr/build/share/eccodes/samples
+++ export ECCODES_SAMPLES_PATH
+++ PYTHONPATH=/opt/local/bufr/build/python:
+++ export PYTHONPATH
++++ pwd
+++ echo 'Current directory: /net/opt_lnx/local_el7_64/bufr/build/examples/python'
Current directory: /net/opt_lnx/local_el7_64/bufr/build/examples/python
+ OUTPUT=grib_set_pv.py.temp.grib
+ /bin/python /opt/local/bufr/eccodes-2.16.0-Source/examples/python/grib_set_pv.py
++ /opt/local/bufr/build/bin/grib_get -p PVPresent,level,numberOfVerticalCoordinateValues grib_set_pv.py.temp.grib
+ x='1 2 122'
+ '[' '1 2 122' = '1 2 122' ']'
+ rm grib_set_pv.py.temp.grib
<end of output>
Test time =   0.60 sec
----------------------------------------------------------
Test Passed.
"eccodes_p_grib_set_pv_test" end time: Feb 12 12:57 MST
"eccodes_p_grib_set_pv_test" time elapsed: 00:00:00
----------------------------------------------------------

28/30 Testing: eccodes_p_grib_read_sample_test
28/30 Test: eccodes_p_grib_read_sample_test
Command: "/opt/local/bufr/eccodes-2.16.0-Source/examples/python/grib_read_sample.sh"
Directory: /opt/local/bufr/build/examples/python
"eccodes_p_grib_read_sample_test" start time: Feb 12 12:57 MST
Output:
----------------------------------------------------------
+++ data_dir=/opt/local/bufr/build/data
+++ def_dir=/opt/local/bufr/build/share/eccodes/definitions
+++ ECCODES_DEFINITION_PATH=/opt/local/bufr/build/share/eccodes/definitions
+++ export ECCODES_DEFINITION_PATH
+++ tools_dir=/opt/local/bufr/build/bin
+++ examples_dir=/opt/local/bufr/build/examples/python
+++ examples_src=/opt/local/bufr/eccodes-2.16.0-Source/examples/python
+++ samp_dir=/opt/local/bufr/build/share/eccodes/samples
+++ ECCODES_SAMPLES_PATH=/opt/local/bufr/build/share/eccodes/samples
+++ export ECCODES_SAMPLES_PATH
+++ PYTHONPATH=/opt/local/bufr/build/python:
+++ export PYTHONPATH
++++ pwd
Current directory: /net/opt_lnx/local_el7_64/bufr/build/examples/python
+++ echo 'Current directory: /net/opt_lnx/local_el7_64/bufr/build/examples/python'
+ label=grib_read_sample_test_p
+ temp1=grib_read_sample_test_p.tmp1.txt
+ temp2=grib_read_sample_test_p.tmp2.txt
+ /bin/python /opt/local/bufr/eccodes-2.16.0-Source/examples/python/grib_read_sample.py /opt/local/bufr/build/share/eccodes/samples/GRIB1.tmpl
+ /bin/python /opt/local/bufr/eccodes-2.16.0-Source/examples/python/grib_read_sample.py /opt/local/bufr/build/share/eccodes/samples/GRIB2.tmpl
+ kvpairs='
   bitsPerValue=0
   identifier=GRIB
   stepType=instant
   packingType=grid_simple'
+ for kv in '$kvpairs'
+ grep -q bitsPerValue=0 grib_read_sample_test_p.tmp1.txt
+ grep -q bitsPerValue=0 grib_read_sample_test_p.tmp2.txt
+ for kv in '$kvpairs'
+ grep -q identifier=GRIB grib_read_sample_test_p.tmp1.txt
+ grep -q identifier=GRIB grib_read_sample_test_p.tmp2.txt
+ for kv in '$kvpairs'
+ grep -q stepType=instant grib_read_sample_test_p.tmp1.txt
+ grep -q stepType=instant grib_read_sample_test_p.tmp2.txt
+ for kv in '$kvpairs'
+ grep -q packingType=grid_simple grib_read_sample_test_p.tmp1.txt
+ grep -q packingType=grid_simple grib_read_sample_test_p.tmp2.txt
+ rm -f grib_read_sample_test_p.tmp1.txt grib_read_sample_test_p.tmp2.txt
<end of output>
Test time =   0.36 sec
----------------------------------------------------------
Test Passed.
"eccodes_p_grib_read_sample_test" end time: Feb 12 12:57 MST
"eccodes_p_grib_read_sample_test" time elapsed: 00:00:00
----------------------------------------------------------

29/30 Testing: eccodes_p_bufr_read_sample_test
29/30 Test: eccodes_p_bufr_read_sample_test
Command: "/opt/local/bufr/eccodes-2.16.0-Source/examples/python/bufr_read_sample.sh"
Directory: /opt/local/bufr/build/examples/python
"eccodes_p_bufr_read_sample_test" start time: Feb 12 12:57 MST
Output:
----------------------------------------------------------
+++ data_dir=/opt/local/bufr/build/data
+++ def_dir=/opt/local/bufr/build/share/eccodes/definitions
+++ ECCODES_DEFINITION_PATH=/opt/local/bufr/build/share/eccodes/definitions
+++ export ECCODES_DEFINITION_PATH
+++ tools_dir=/opt/local/bufr/build/bin
+++ examples_dir=/opt/local/bufr/build/examples/python
+++ examples_src=/opt/local/bufr/eccodes-2.16.0-Source/examples/python
+++ samp_dir=/opt/local/bufr/build/share/eccodes/samples
+++ ECCODES_SAMPLES_PATH=/opt/local/bufr/build/share/eccodes/samples
+++ export ECCODES_SAMPLES_PATH
+++ PYTHONPATH=/opt/local/bufr/build/python:
+++ export PYTHONPATH
++++ pwd
Current directory: /net/opt_lnx/local_el7_64/bufr/build/examples/python
+++ echo 'Current directory: /net/opt_lnx/local_el7_64/bufr/build/examples/python'
+ label=bufr_read_sample_test_p
+ temp1=bufr_read_sample_test_p.tmp1.txt
+ temp2=bufr_read_sample_test_p.tmp2.txt
+ /bin/python /opt/local/bufr/eccodes-2.16.0-Source/examples/python/bufr_read_sample.py /opt/local/bufr/build/share/eccodes/samples/BUFR3.tmpl
+ /bin/python /opt/local/bufr/eccodes-2.16.0-Source/examples/python/bufr_read_sample.py /opt/local/bufr/build/share/eccodes/samples/BUFR4.tmpl
+ kvpairs='
   unexpandedDescriptors=307080
   blockNumber=MISSING
   horizontalVisibility=MISSING
   #3#cloudType=MISSING'
+ for kv in '$kvpairs'
+ grep -q unexpandedDescriptors=307080 bufr_read_sample_test_p.tmp1.txt
+ grep -q unexpandedDescriptors=307080 bufr_read_sample_test_p.tmp2.txt
+ for kv in '$kvpairs'
+ grep -q blockNumber=MISSING bufr_read_sample_test_p.tmp1.txt
+ grep -q blockNumber=MISSING bufr_read_sample_test_p.tmp2.txt
+ for kv in '$kvpairs'
+ grep -q horizontalVisibility=MISSING bufr_read_sample_test_p.tmp1.txt
+ grep -q horizontalVisibility=MISSING bufr_read_sample_test_p.tmp2.txt
+ for kv in '$kvpairs'
+ grep -q '#3#cloudType=MISSING' bufr_read_sample_test_p.tmp1.txt
+ grep -q '#3#cloudType=MISSING' bufr_read_sample_test_p.tmp2.txt
+ rm -f bufr_read_sample_test_p.tmp1.txt bufr_read_sample_test_p.tmp2.txt
<end of output>
Test time =   0.35 sec
----------------------------------------------------------
Test Passed.
"eccodes_p_bufr_read_sample_test" end time: Feb 12 12:57 MST
"eccodes_p_bufr_read_sample_test" time elapsed: 00:00:00
----------------------------------------------------------

30/30 Testing: eccodes_p_bufr_ecc-869_test
30/30 Test: eccodes_p_bufr_ecc-869_test
Command: "/opt/local/bufr/eccodes-2.16.0-Source/examples/python/bufr_ecc-869.sh"
Directory: /opt/local/bufr/build/examples/python
"eccodes_p_bufr_ecc-869_test" start time: Feb 12 12:57 MST
Output:
----------------------------------------------------------
+++ data_dir=/opt/local/bufr/build/data
+++ def_dir=/opt/local/bufr/build/share/eccodes/definitions
+++ ECCODES_DEFINITION_PATH=/opt/local/bufr/build/share/eccodes/definitions
+++ export ECCODES_DEFINITION_PATH
+++ tools_dir=/opt/local/bufr/build/bin
+++ examples_dir=/opt/local/bufr/build/examples/python
+++ examples_src=/opt/local/bufr/eccodes-2.16.0-Source/examples/python
+++ samp_dir=/opt/local/bufr/build/share/eccodes/samples
+++ ECCODES_SAMPLES_PATH=/opt/local/bufr/build/share/eccodes/samples
+++ export ECCODES_SAMPLES_PATH
+++ PYTHONPATH=/opt/local/bufr/build/python:
+++ export PYTHONPATH
++++ pwd
+++ echo 'Current directory: /net/opt_lnx/local_el7_64/bufr/build/examples/python'
Current directory: /net/opt_lnx/local_el7_64/bufr/build/examples/python
+ label=bufr_ecc_869_test_p
+ temp=bufr_ecc_869_test_p.tmp.txt
+ output=outfile_ecc_869_test.bufr
+ /bin/python /opt/local/bufr/eccodes-2.16.0-Source/examples/python/bufr_ecc-869.py
Created output BUFR file  outfile_ecc_869_test.bufr
+ /opt/local/bufr/build/bin/bufr_dump -p outfile_ecc_869_test.bufr
dataPresentIndicator= {
      0, 1, 1, 1, 1, 1, 1, 1, 1, 1, 
      1, 1, 1, 1, 1, 1, 1, 1, 1, 1, 
      1, 1, 1, 1, 1, 1, 1, 1, 1, 1, 
      1, 1, 1, 1, 1, 1, 1, 0, 1, 1, 
      1}
shortDelayedDescriptorReplicationFactor= {
      0, 0, 0, 0}
edition=3
masterTableNumber=0
bufrHeaderSubCentre=0
bufrHeaderCentre=98
updateSequenceNumber=0
dataCategory=1
dataSubCategory=182
masterTablesVersionNumber=22
localTablesVersionNumber=0
typicalYearOfCentury=18
typicalMonth=11
typicalDay=21
typicalHour=21
typicalMinute=4
rdbType=1
oldSubtype=182
localYear=2018
localMonth=11
localDay=21
localHour=21
localMinute=4
localSecond=0
ident=" 3101544"
rdbtimeDay=21
rdbtimeHour=21
rdbtimeMinute=26
rdbtimeSecond=59
rectimeDay=10
rectimeHour=10
rectimeMinute=0
rectimeSecond=0
correction1=0
correction1Part=0
correction2=0
correction2Part=0
correction3=0
correction3Part=0
correction4=0
correction4Part=0
qualityControl=70
newSubtype=0
numberOfSubsets=1
localLatitude=-35.982
localLongitude=-44.8432
observedData=1
compressedData=0
unexpandedDescriptors={
      315009, 222000, 236000, 101041, 031031, 033007, 033007 }
marineObservingPlatformIdentifier=3101544
marineObservingPlatformIdentifier->percentConfidence = 44
longStationName="SIO Lagrangian Drifter Lab"
dataBuoyType=1
#1#timeSignificance=26
#1#year=2018
#1#month=11
#1#day=21
#1#hour=21
#1#minute=4
latitude=-35.982
longitude=-44.8432
platformTransmitterIdNumber=" 300234065315740"
dataCollectionLocationSystem=8
directionOfMotionOfMovingObservingPlatform=MISSING
platformDriftSpeed=MISSING
qualityOfBuoySatelliteTransmission=0
qualityOfBuoyLocation=0
locationQualityClassRangeOfRadiusOf66Confidence=3
batteryVoltageLargeRange=10.2
drogueType=1
lagrangianDrifterDrogueStatus=2
drogueDepth=15
lagrangianDrifterSubmergenceTimeSubmerged=30
#2#timeSignificance=25
#2#year=2018
#2#month=11
#2#day=21
#2#hour=21
#2#minute=4
temperatureObservationPrecision=MISSING
oceanographicWaterTemperature=291.45
methodOfSalinityOrDepthMeasurement=MISSING
seaSurfaceSalinity=MISSING
surfaceType=MISSING
iceThickness=MISSING
nonCoordinatePressure=MISSING
pressureReducedToMeanSeaLevel=102170
pressureReducedToMeanSeaLevel->percentConfidence = 45

+ echo 'print "[expandedDescriptors%06d]";'
+ /opt/local/bufr/build/bin/bufr_filter - outfile_ecc_869_test.bufr
001087 001019 002149 008021 004001 004002 004003 004004 
004005 005001 006001 001051 002148 001012 001014 033022 
033023 033027 025026 002034 022060 007070 002190 008021 
004001 004002 004003 004004 004005 002005 022043 002033 
022059 008029 013115 109000 031000 002005 002032 002033 
103000 031001 007062 022043 022062 002005 010004 010051 
102000 031000 007033 012101 106000 031000 002169 007033 
008021 004025 011001 011002 107000 031000 022078 022070 
022073 022074 022071 022076 022077 222000 236000 031031 
031031 031031 031031 031031 031031 031031 031031 031031 
031031 031031 031031 031031 031031 031031 031031 031031 
031031 031031 031031 031031 031031 031031 031031 031031 
031031 031031 031031 031031 031031 031031 031031 031031 
031031 031031 031031 031031 031031 031031 031031 031031 
033007 033007
+ /opt/local/bufr/build/bin/bufr_filter - outfile_ecc_869_test.bufr
+ rm -f bufr_ecc_869_test_p.tmp.txt outfile_ecc_869_test.bufr
<end of output>
Test time =   0.28 sec
----------------------------------------------------------
Test Passed.
"eccodes_p_bufr_ecc-869_test" end time: Feb 12 12:57 MST
"eccodes_p_bufr_ecc-869_test" time elapsed: 00:00:00
----------------------------------------------------------

End testing: Feb 12 12:57 MST

eccodes =  29.50 sec

executable =   0.07 sec

script =  29.44 sec

